mode: atomic
github.com/tzone85/project-x/cmd/px/main.go:9.13,10.38 1 0
github.com/tzone85/project-x/cmd/px/main.go:10.38,12.3 1 0
github.com/tzone85/project-x/internal/dashboard/activity.go:15.50,21.22 4 0
github.com/tzone85/project-x/internal/dashboard/activity.go:21.22,25.3 3 0
github.com/tzone85/project-x/internal/dashboard/activity.go:29.2,29.40 1 0
github.com/tzone85/project-x/internal/dashboard/activity.go:29.40,32.3 2 0
github.com/tzone85/project-x/internal/dashboard/activity.go:34.2,34.44 1 0
github.com/tzone85/project-x/internal/dashboard/activity.go:39.46,47.23 3 0
github.com/tzone85/project-x/internal/dashboard/activity.go:47.23,49.3 1 0
github.com/tzone85/project-x/internal/dashboard/activity.go:50.2,50.23 1 0
github.com/tzone85/project-x/internal/dashboard/activity.go:50.23,52.3 1 0
github.com/tzone85/project-x/internal/dashboard/activity.go:54.2,54.40 1 0
github.com/tzone85/project-x/internal/dashboard/activity.go:58.47,60.16 2 0
github.com/tzone85/project-x/internal/dashboard/activity.go:60.16,62.26 1 0
github.com/tzone85/project-x/internal/dashboard/activity.go:62.26,64.4 1 0
github.com/tzone85/project-x/internal/dashboard/activity.go:65.3,65.19 1 0
github.com/tzone85/project-x/internal/dashboard/activity.go:67.2,67.29 1 0
github.com/tzone85/project-x/internal/dashboard/activity.go:71.47,74.9 2 0
github.com/tzone85/project-x/internal/dashboard/activity.go:75.44,76.20 1 0
github.com/tzone85/project-x/internal/dashboard/activity.go:77.46,78.20 1 0
github.com/tzone85/project-x/internal/dashboard/activity.go:79.46,80.23 1 0
github.com/tzone85/project-x/internal/dashboard/activity.go:81.51,82.19 1 0
github.com/tzone85/project-x/internal/dashboard/activity.go:83.47,84.22 1 0
github.com/tzone85/project-x/internal/dashboard/activity.go:85.10,86.21 1 0
github.com/tzone85/project-x/internal/dashboard/activity.go:89.2,89.64 1 0
github.com/tzone85/project-x/internal/dashboard/agents.go:12.48,30.22 10 0
github.com/tzone85/project-x/internal/dashboard/agents.go:30.22,34.3 3 0
github.com/tzone85/project-x/internal/dashboard/agents.go:36.2,36.27 1 0
github.com/tzone85/project-x/internal/dashboard/agents.go:36.27,39.3 2 0
github.com/tzone85/project-x/internal/dashboard/agents.go:41.2,41.44 1 0
github.com/tzone85/project-x/internal/dashboard/agents.go:45.43,51.19 3 0
github.com/tzone85/project-x/internal/dashboard/agents.go:51.19,53.3 1 0
github.com/tzone85/project-x/internal/dashboard/agents.go:53.8,55.3 1 0
github.com/tzone85/project-x/internal/dashboard/agents.go:57.2,58.19 2 0
github.com/tzone85/project-x/internal/dashboard/agents.go:58.19,60.3 1 0
github.com/tzone85/project-x/internal/dashboard/agents.go:61.2,61.23 1 0
github.com/tzone85/project-x/internal/dashboard/agents.go:61.23,63.3 1 0
github.com/tzone85/project-x/internal/dashboard/agents.go:65.2,66.21 2 0
github.com/tzone85/project-x/internal/dashboard/agents.go:66.21,68.3 1 0
github.com/tzone85/project-x/internal/dashboard/agents.go:70.2,78.3 1 0
github.com/tzone85/project-x/internal/dashboard/agents.go:82.48,84.27 2 0
github.com/tzone85/project-x/internal/dashboard/agents.go:84.27,86.3 1 0
github.com/tzone85/project-x/internal/dashboard/agents.go:88.2,93.29 3 0
github.com/tzone85/project-x/internal/dashboard/agents.go:93.29,94.38 1 0
github.com/tzone85/project-x/internal/dashboard/agents.go:94.38,96.4 1 0
github.com/tzone85/project-x/internal/dashboard/agents.go:100.2,100.36 1 0
github.com/tzone85/project-x/internal/dashboard/agents.go:100.36,101.79 1 0
github.com/tzone85/project-x/internal/dashboard/agents.go:101.79,103.4 1 0
github.com/tzone85/project-x/internal/dashboard/agents.go:106.2,106.35 1 0
github.com/tzone85/project-x/internal/dashboard/agents.go:110.34,111.13 1 0
github.com/tzone85/project-x/internal/dashboard/agents.go:111.13,113.3 1 0
github.com/tzone85/project-x/internal/dashboard/agents.go:114.2,114.39 1 0
github.com/tzone85/project-x/internal/dashboard/app.go:85.28,87.27 2 0
github.com/tzone85/project-x/internal/dashboard/app.go:87.27,89.3 1 0
github.com/tzone85/project-x/internal/dashboard/app.go:91.2,101.3 1 0
github.com/tzone85/project-x/internal/dashboard/app.go:105.31,110.2 1 0
github.com/tzone85/project-x/internal/dashboard/app.go:113.57,114.27 1 0
github.com/tzone85/project-x/internal/dashboard/app.go:115.18,116.26 1 0
github.com/tzone85/project-x/internal/dashboard/app.go:118.25,119.29 1 0
github.com/tzone85/project-x/internal/dashboard/app.go:121.15,125.4 1 0
github.com/tzone85/project-x/internal/dashboard/app.go:127.15,128.27 1 0
github.com/tzone85/project-x/internal/dashboard/app.go:131.2,131.15 1 0
github.com/tzone85/project-x/internal/dashboard/app.go:135.30,136.18 1 0
github.com/tzone85/project-x/internal/dashboard/app.go:136.18,138.3 1 0
github.com/tzone85/project-x/internal/dashboard/app.go:140.2,146.18 3 0
github.com/tzone85/project-x/internal/dashboard/app.go:146.18,148.3 1 0
github.com/tzone85/project-x/internal/dashboard/app.go:151.2,156.37 3 0
github.com/tzone85/project-x/internal/dashboard/app.go:160.63,161.22 1 0
github.com/tzone85/project-x/internal/dashboard/app.go:162.21,163.21 1 0
github.com/tzone85/project-x/internal/dashboard/app.go:165.13,168.22 3 0
github.com/tzone85/project-x/internal/dashboard/app.go:170.19,173.22 3 0
github.com/tzone85/project-x/internal/dashboard/app.go:175.36,178.22 3 0
github.com/tzone85/project-x/internal/dashboard/app.go:180.19,182.16 2 0
github.com/tzone85/project-x/internal/dashboard/app.go:184.17,186.16 2 0
github.com/tzone85/project-x/internal/dashboard/app.go:188.11,190.16 2 0
github.com/tzone85/project-x/internal/dashboard/app.go:192.11,194.16 2 0
github.com/tzone85/project-x/internal/dashboard/app.go:196.14,198.16 2 0
github.com/tzone85/project-x/internal/dashboard/app.go:200.16,202.16 2 0
github.com/tzone85/project-x/internal/dashboard/app.go:205.2,205.15 1 0
github.com/tzone85/project-x/internal/dashboard/app.go:209.73,216.21 5 0
github.com/tzone85/project-x/internal/dashboard/app.go:216.21,218.3 1 0
github.com/tzone85/project-x/internal/dashboard/app.go:220.2,220.35 1 0
github.com/tzone85/project-x/internal/dashboard/app.go:220.35,222.3 1 0
github.com/tzone85/project-x/internal/dashboard/app.go:225.2,227.21 2 0
github.com/tzone85/project-x/internal/dashboard/app.go:231.61,235.20 3 0
github.com/tzone85/project-x/internal/dashboard/app.go:235.20,243.3 7 0
github.com/tzone85/project-x/internal/dashboard/app.go:245.2,246.21 2 0
github.com/tzone85/project-x/internal/dashboard/app.go:250.39,257.2 6 0
github.com/tzone85/project-x/internal/dashboard/app.go:260.36,262.34 2 0
github.com/tzone85/project-x/internal/dashboard/app.go:262.34,264.25 2 0
github.com/tzone85/project-x/internal/dashboard/app.go:264.25,266.4 1 0
github.com/tzone85/project-x/internal/dashboard/app.go:266.9,268.4 1 0
github.com/tzone85/project-x/internal/dashboard/app.go:270.2,270.55 1 0
github.com/tzone85/project-x/internal/dashboard/app.go:274.41,295.39 7 0
github.com/tzone85/project-x/internal/dashboard/app.go:295.39,297.3 1 0
github.com/tzone85/project-x/internal/dashboard/app.go:299.2,299.35 1 0
github.com/tzone85/project-x/internal/dashboard/app.go:303.38,304.25 1 0
github.com/tzone85/project-x/internal/dashboard/app.go:304.25,306.3 1 0
github.com/tzone85/project-x/internal/dashboard/app.go:309.2,310.30 2 0
github.com/tzone85/project-x/internal/dashboard/app.go:310.30,311.23 1 0
github.com/tzone85/project-x/internal/dashboard/app.go:311.23,313.4 1 0
github.com/tzone85/project-x/internal/dashboard/app.go:316.2,316.18 1 0
github.com/tzone85/project-x/internal/dashboard/app.go:316.18,318.3 1 0
github.com/tzone85/project-x/internal/dashboard/app.go:321.2,323.30 3 0
github.com/tzone85/project-x/internal/dashboard/app.go:323.30,324.24 1 0
github.com/tzone85/project-x/internal/dashboard/app.go:324.24,326.28 2 0
github.com/tzone85/project-x/internal/dashboard/app.go:326.28,328.5 1 0
github.com/tzone85/project-x/internal/dashboard/app.go:332.2,332.69 1 0
github.com/tzone85/project-x/internal/dashboard/app.go:336.24,337.61 1 0
github.com/tzone85/project-x/internal/dashboard/app.go:337.61,339.3 1 0
github.com/tzone85/project-x/internal/dashboard/app.go:343.36,344.24 1 0
github.com/tzone85/project-x/internal/dashboard/app.go:344.24,348.17 3 0
github.com/tzone85/project-x/internal/dashboard/app.go:348.17,351.4 2 0
github.com/tzone85/project-x/internal/dashboard/app.go:352.3,355.17 3 0
github.com/tzone85/project-x/internal/dashboard/app.go:355.17,358.4 2 0
github.com/tzone85/project-x/internal/dashboard/app.go:359.3,362.17 3 0
github.com/tzone85/project-x/internal/dashboard/app.go:362.17,365.4 2 0
github.com/tzone85/project-x/internal/dashboard/app.go:366.3,369.17 3 0
github.com/tzone85/project-x/internal/dashboard/app.go:369.17,372.4 2 0
github.com/tzone85/project-x/internal/dashboard/app.go:373.3,376.17 3 0
github.com/tzone85/project-x/internal/dashboard/app.go:376.17,379.4 2 0
github.com/tzone85/project-x/internal/dashboard/app.go:380.3,383.18 2 0
github.com/tzone85/project-x/internal/dashboard/app.go:383.18,385.4 1 0
github.com/tzone85/project-x/internal/dashboard/app.go:387.3,387.13 1 0
github.com/tzone85/project-x/internal/dashboard/cost_panel.go:28.95,37.51 3 0
github.com/tzone85/project-x/internal/dashboard/cost_panel.go:37.51,39.3 1 0
github.com/tzone85/project-x/internal/dashboard/cost_panel.go:42.2,42.33 1 0
github.com/tzone85/project-x/internal/dashboard/cost_panel.go:42.33,48.41 3 0
github.com/tzone85/project-x/internal/dashboard/cost_panel.go:48.41,50.4 1 0
github.com/tzone85/project-x/internal/dashboard/cost_panel.go:51.3,51.69 1 0
github.com/tzone85/project-x/internal/dashboard/cost_panel.go:54.2,54.13 1 0
github.com/tzone85/project-x/internal/dashboard/cost_panel.go:58.39,69.29 6 0
github.com/tzone85/project-x/internal/dashboard/cost_panel.go:69.29,72.3 2 0
github.com/tzone85/project-x/internal/dashboard/cost_panel.go:72.8,78.36 5 0
github.com/tzone85/project-x/internal/dashboard/cost_panel.go:78.36,80.23 2 0
github.com/tzone85/project-x/internal/dashboard/cost_panel.go:80.23,82.5 1 0
github.com/tzone85/project-x/internal/dashboard/cost_panel.go:83.4,89.23 3 0
github.com/tzone85/project-x/internal/dashboard/cost_panel.go:93.2,93.44 1 0
github.com/tzone85/project-x/internal/dashboard/cost_panel.go:97.65,99.15 2 0
github.com/tzone85/project-x/internal/dashboard/cost_panel.go:99.15,101.3 1 0
github.com/tzone85/project-x/internal/dashboard/cost_panel.go:103.2,108.9 4 0
github.com/tzone85/project-x/internal/dashboard/cost_panel.go:109.18,110.42 1 0
github.com/tzone85/project-x/internal/dashboard/cost_panel.go:111.17,112.41 1 0
github.com/tzone85/project-x/internal/dashboard/cost_panel.go:113.10,114.74 1 0
github.com/tzone85/project-x/internal/dashboard/cost_panel.go:117.2,117.79 1 0
github.com/tzone85/project-x/internal/dashboard/cost_panel.go:121.55,122.16 1 0
github.com/tzone85/project-x/internal/dashboard/cost_panel.go:122.16,124.3 1 0
github.com/tzone85/project-x/internal/dashboard/cost_panel.go:126.2,127.20 2 0
github.com/tzone85/project-x/internal/dashboard/cost_panel.go:127.20,129.3 1 0
github.com/tzone85/project-x/internal/dashboard/cost_panel.go:130.2,130.16 1 0
github.com/tzone85/project-x/internal/dashboard/cost_panel.go:130.16,132.3 1 0
github.com/tzone85/project-x/internal/dashboard/cost_panel.go:134.2,138.9 4 0
github.com/tzone85/project-x/internal/dashboard/cost_panel.go:139.18,140.19 1 0
github.com/tzone85/project-x/internal/dashboard/cost_panel.go:141.17,142.22 1 0
github.com/tzone85/project-x/internal/dashboard/cost_panel.go:143.17,144.22 1 0
github.com/tzone85/project-x/internal/dashboard/cost_panel.go:145.10,146.21 1 0
github.com/tzone85/project-x/internal/dashboard/cost_panel.go:149.2,152.41 3 0
github.com/tzone85/project-x/internal/dashboard/cost_panel.go:156.38,158.9 2 0
github.com/tzone85/project-x/internal/dashboard/cost_panel.go:159.18,160.36 1 0
github.com/tzone85/project-x/internal/dashboard/cost_panel.go:161.17,162.35 1 0
github.com/tzone85/project-x/internal/dashboard/cost_panel.go:163.10,164.68 1 0
github.com/tzone85/project-x/internal/dashboard/escalations.go:12.63,20.27 6 0
github.com/tzone85/project-x/internal/dashboard/escalations.go:20.27,24.3 3 0
github.com/tzone85/project-x/internal/dashboard/escalations.go:27.2,36.32 6 0
github.com/tzone85/project-x/internal/dashboard/escalations.go:36.32,39.3 2 0
github.com/tzone85/project-x/internal/dashboard/escalations.go:41.2,41.44 1 0
github.com/tzone85/project-x/internal/dashboard/escalations.go:45.53,51.22 5 0
github.com/tzone85/project-x/internal/dashboard/escalations.go:51.22,53.3 1 0
github.com/tzone85/project-x/internal/dashboard/escalations.go:56.2,70.27 3 0
github.com/tzone85/project-x/internal/dashboard/escalations.go:70.27,72.3 1 0
github.com/tzone85/project-x/internal/dashboard/escalations.go:73.2,73.12 1 0
github.com/tzone85/project-x/internal/dashboard/escalations.go:77.58,78.16 1 0
github.com/tzone85/project-x/internal/dashboard/escalations.go:79.17,80.18 1 0
github.com/tzone85/project-x/internal/dashboard/escalations.go:81.18,82.20 1 0
github.com/tzone85/project-x/internal/dashboard/escalations.go:83.19,84.19 1 0
github.com/tzone85/project-x/internal/dashboard/escalations.go:85.10,86.21 1 0
github.com/tzone85/project-x/internal/dashboard/escalations.go:91.55,93.32 2 0
github.com/tzone85/project-x/internal/dashboard/escalations.go:93.32,94.28 1 0
github.com/tzone85/project-x/internal/dashboard/escalations.go:94.28,96.4 1 0
github.com/tzone85/project-x/internal/dashboard/escalations.go:98.2,98.14 1 0
github.com/tzone85/project-x/internal/dashboard/logs_panel.go:14.40,20.19 4 0
github.com/tzone85/project-x/internal/dashboard/logs_panel.go:20.19,24.3 3 0
github.com/tzone85/project-x/internal/dashboard/logs_panel.go:26.2,27.16 2 0
github.com/tzone85/project-x/internal/dashboard/logs_panel.go:27.16,31.3 3 0
github.com/tzone85/project-x/internal/dashboard/logs_panel.go:33.2,33.21 1 0
github.com/tzone85/project-x/internal/dashboard/logs_panel.go:33.21,37.3 3 0
github.com/tzone85/project-x/internal/dashboard/logs_panel.go:39.2,42.29 3 0
github.com/tzone85/project-x/internal/dashboard/logs_panel.go:42.29,45.3 2 0
github.com/tzone85/project-x/internal/dashboard/logs_panel.go:47.2,47.44 1 0
github.com/tzone85/project-x/internal/dashboard/logs_panel.go:51.53,53.16 2 0
github.com/tzone85/project-x/internal/dashboard/logs_panel.go:53.16,55.3 1 0
github.com/tzone85/project-x/internal/dashboard/logs_panel.go:56.2,65.21 6 0
github.com/tzone85/project-x/internal/dashboard/logs_panel.go:65.21,67.3 1 0
github.com/tzone85/project-x/internal/dashboard/logs_panel.go:68.2,68.38 1 0
github.com/tzone85/project-x/internal/dashboard/logs_panel.go:68.38,70.3 1 0
github.com/tzone85/project-x/internal/dashboard/logs_panel.go:72.2,72.24 1 0
github.com/tzone85/project-x/internal/dashboard/logs_panel.go:72.24,74.3 1 0
github.com/tzone85/project-x/internal/dashboard/logs_panel.go:75.2,75.40 1 0
github.com/tzone85/project-x/internal/dashboard/logs_panel.go:79.42,82.9 2 0
github.com/tzone85/project-x/internal/dashboard/logs_panel.go:83.40,84.33 1 0
github.com/tzone85/project-x/internal/dashboard/logs_panel.go:85.39,86.32 1 0
github.com/tzone85/project-x/internal/dashboard/logs_panel.go:87.40,88.31 1 0
github.com/tzone85/project-x/internal/dashboard/logs_panel.go:89.10,90.14 1 0
github.com/tzone85/project-x/internal/dashboard/pipeline.go:18.85,23.25 3 0
github.com/tzone85/project-x/internal/dashboard/pipeline.go:23.25,24.32 1 0
github.com/tzone85/project-x/internal/dashboard/pipeline.go:24.32,31.4 3 0
github.com/tzone85/project-x/internal/dashboard/pipeline.go:32.3,32.22 1 0
github.com/tzone85/project-x/internal/dashboard/pipeline.go:36.2,39.42 2 0
github.com/tzone85/project-x/internal/dashboard/pipeline.go:39.42,49.26 5 0
github.com/tzone85/project-x/internal/dashboard/pipeline.go:49.26,52.4 2 0
github.com/tzone85/project-x/internal/dashboard/pipeline.go:52.9,53.32 1 0
github.com/tzone85/project-x/internal/dashboard/pipeline.go:53.32,56.5 2 0
github.com/tzone85/project-x/internal/dashboard/pipeline.go:58.3,58.22 1 0
github.com/tzone85/project-x/internal/dashboard/pipeline.go:62.2,63.27 2 0
github.com/tzone85/project-x/internal/dashboard/pipeline.go:63.27,72.34 4 0
github.com/tzone85/project-x/internal/dashboard/pipeline.go:72.34,75.4 2 0
github.com/tzone85/project-x/internal/dashboard/pipeline.go:78.2,78.44 1 0
github.com/tzone85/project-x/internal/dashboard/pipeline.go:82.44,85.21 3 0
github.com/tzone85/project-x/internal/dashboard/pipeline.go:85.21,87.3 1 0
github.com/tzone85/project-x/internal/dashboard/pipeline.go:89.2,91.21 3 0
github.com/tzone85/project-x/internal/dashboard/pipeline.go:91.21,93.3 1 0
github.com/tzone85/project-x/internal/dashboard/pipeline.go:94.2,95.16 2 0
github.com/tzone85/project-x/internal/dashboard/pipeline.go:95.16,97.3 1 0
github.com/tzone85/project-x/internal/dashboard/pipeline.go:99.2,105.3 1 0
github.com/tzone85/project-x/internal/dashboard/pipeline.go:109.75,111.28 2 0
github.com/tzone85/project-x/internal/dashboard/pipeline.go:111.28,113.3 1 0
github.com/tzone85/project-x/internal/dashboard/pipeline.go:114.2,114.16 1 0
github.com/tzone85/project-x/internal/dashboard/pipeline.go:118.77,120.25 2 0
github.com/tzone85/project-x/internal/dashboard/pipeline.go:120.25,121.27 1 0
github.com/tzone85/project-x/internal/dashboard/pipeline.go:121.27,123.4 1 0
github.com/tzone85/project-x/internal/dashboard/pipeline.go:125.2,125.15 1 0
github.com/tzone85/project-x/internal/dashboard/pipeline.go:129.98,131.37 2 0
github.com/tzone85/project-x/internal/dashboard/pipeline.go:131.37,133.3 1 0
github.com/tzone85/project-x/internal/dashboard/pipeline.go:135.2,136.28 2 0
github.com/tzone85/project-x/internal/dashboard/pipeline.go:136.28,137.23 1 0
github.com/tzone85/project-x/internal/dashboard/pipeline.go:137.23,139.4 1 0
github.com/tzone85/project-x/internal/dashboard/pipeline.go:141.2,141.15 1 0
github.com/tzone85/project-x/internal/dashboard/pipeline.go:145.35,146.18 1 0
github.com/tzone85/project-x/internal/dashboard/pipeline.go:146.18,148.3 1 0
github.com/tzone85/project-x/internal/dashboard/pipeline.go:149.2,149.15 1 0
github.com/tzone85/project-x/internal/dashboard/styles.go:51.48,52.16 1 0
github.com/tzone85/project-x/internal/dashboard/styles.go:53.41,54.20 1 0
github.com/tzone85/project-x/internal/dashboard/styles.go:55.34,56.19 1 0
github.com/tzone85/project-x/internal/dashboard/styles.go:57.39,58.18 1 0
github.com/tzone85/project-x/internal/dashboard/styles.go:59.18,60.19 1 0
github.com/tzone85/project-x/internal/dashboard/styles.go:61.32,62.21 1 0
github.com/tzone85/project-x/internal/dashboard/styles.go:63.12,64.22 1 0
github.com/tzone85/project-x/internal/dashboard/styles.go:65.16,66.21 1 0
github.com/tzone85/project-x/internal/dashboard/styles.go:67.10,68.20 1 0
github.com/tzone85/project-x/internal/dashboard/styles.go:73.40,77.2 1 0
github.com/tzone85/project-x/internal/dashboard/styles.go:80.45,82.21 2 0
github.com/tzone85/project-x/internal/dashboard/styles.go:82.21,84.3 1 0
github.com/tzone85/project-x/internal/dashboard/styles.go:85.2,85.21 1 0
github.com/tzone85/project-x/internal/dashboard/styles.go:85.21,87.3 1 0
github.com/tzone85/project-x/internal/dashboard/styles.go:88.2,90.39 1 0
github.com/tzone85/project-x/internal/dashboard/styles.go:93.37,95.2 1 0
github.com/tzone85/project-x/internal/dashboard/viewport.go:20.50,24.2 1 0
github.com/tzone85/project-x/internal/dashboard/viewport.go:28.57,30.19 2 0
github.com/tzone85/project-x/internal/dashboard/viewport.go:30.19,33.3 2 0
github.com/tzone85/project-x/internal/dashboard/viewport.go:33.8,36.3 2 0
github.com/tzone85/project-x/internal/dashboard/viewport.go:37.2,37.17 1 0
github.com/tzone85/project-x/internal/dashboard/viewport.go:41.47,42.11 1 0
github.com/tzone85/project-x/internal/dashboard/viewport.go:42.11,44.3 1 0
github.com/tzone85/project-x/internal/dashboard/viewport.go:45.2,46.17 2 0
github.com/tzone85/project-x/internal/dashboard/viewport.go:50.43,53.2 2 0
github.com/tzone85/project-x/internal/dashboard/viewport.go:56.41,59.2 2 0
github.com/tzone85/project-x/internal/dashboard/viewport.go:62.40,64.2 1 0
github.com/tzone85/project-x/internal/dashboard/viewport.go:67.43,69.2 1 0
github.com/tzone85/project-x/internal/dashboard/viewport.go:72.39,75.2 2 0
github.com/tzone85/project-x/internal/dashboard/viewport.go:78.41,81.2 2 0
github.com/tzone85/project-x/internal/dashboard/viewport.go:84.44,85.23 1 0
github.com/tzone85/project-x/internal/dashboard/viewport.go:85.23,87.3 1 0
github.com/tzone85/project-x/internal/dashboard/viewport.go:89.2,90.24 2 0
github.com/tzone85/project-x/internal/dashboard/viewport.go:90.24,92.3 1 0
github.com/tzone85/project-x/internal/dashboard/viewport.go:94.2,95.36 2 0
github.com/tzone85/project-x/internal/dashboard/viewport.go:100.55,101.23 1 0
github.com/tzone85/project-x/internal/dashboard/viewport.go:101.23,103.3 1 0
github.com/tzone85/project-x/internal/dashboard/viewport.go:105.2,106.58 2 0
github.com/tzone85/project-x/internal/dashboard/viewport.go:110.43,112.2 1 0
github.com/tzone85/project-x/internal/dashboard/viewport.go:115.46,117.2 1 0
github.com/tzone85/project-x/internal/dashboard/viewport.go:120.46,122.13 2 0
github.com/tzone85/project-x/internal/dashboard/viewport.go:122.13,124.3 1 0
github.com/tzone85/project-x/internal/dashboard/viewport.go:125.2,125.12 1 0
github.com/tzone85/project-x/internal/dashboard/viewport.go:129.44,130.18 1 0
github.com/tzone85/project-x/internal/dashboard/viewport.go:130.18,132.3 1 0
github.com/tzone85/project-x/internal/dashboard/viewport.go:133.2,134.20 2 0
github.com/tzone85/project-x/internal/dashboard/viewport.go:134.20,136.3 1 0
github.com/tzone85/project-x/internal/agent/prompts.go:48.56,50.9 2 9
github.com/tzone85/project-x/internal/agent/prompts.go:50.9,52.3 1 0
github.com/tzone85/project-x/internal/agent/prompts.go:54.2,57.25 3 9
github.com/tzone85/project-x/internal/agent/prompts.go:57.25,60.3 2 0
github.com/tzone85/project-x/internal/agent/prompts.go:62.2,62.24 1 9
github.com/tzone85/project-x/internal/agent/prompts.go:62.24,65.3 2 0
github.com/tzone85/project-x/internal/agent/prompts.go:67.2,67.19 1 9
github.com/tzone85/project-x/internal/agent/prompts.go:72.54,79.32 5 5
github.com/tzone85/project-x/internal/agent/prompts.go:79.32,81.3 1 1
github.com/tzone85/project-x/internal/agent/prompts.go:83.2,83.34 1 5
github.com/tzone85/project-x/internal/agent/prompts.go:83.34,85.3 1 1
github.com/tzone85/project-x/internal/agent/prompts.go:87.2,87.30 1 5
github.com/tzone85/project-x/internal/agent/prompts.go:87.30,89.3 1 1
github.com/tzone85/project-x/internal/agent/prompts.go:91.2,91.19 1 5
github.com/tzone85/project-x/internal/agent/roles.go:20.24,29.2 1 2
github.com/tzone85/project-x/internal/agent/roles.go:33.75,34.9 1 5
github.com/tzone85/project-x/internal/agent/roles.go:35.49,36.20 1 2
github.com/tzone85/project-x/internal/agent/roles.go:37.55,38.26 1 2
github.com/tzone85/project-x/internal/agent/roles.go:39.10,40.20 1 1
github.com/tzone85/project-x/internal/agent/roles.go:46.74,47.11 1 9
github.com/tzone85/project-x/internal/agent/roles.go:48.20,49.25 1 1
github.com/tzone85/project-x/internal/agent/roles.go:50.18,51.23 1 2
github.com/tzone85/project-x/internal/agent/roles.go:52.24,53.29 1 1
github.com/tzone85/project-x/internal/agent/roles.go:54.18,55.23 1 2
github.com/tzone85/project-x/internal/agent/roles.go:56.14,57.19 1 1
github.com/tzone85/project-x/internal/agent/roles.go:58.22,59.27 1 1
github.com/tzone85/project-x/internal/agent/roles.go:60.10,61.23 1 1
github.com/tzone85/project-x/internal/cli/agents.go:10.36,14.55 1 1
github.com/tzone85/project-x/internal/cli/agents.go:14.55,16.18 2 0
github.com/tzone85/project-x/internal/cli/agents.go:16.18,18.5 1 0
github.com/tzone85/project-x/internal/cli/agents.go:20.4,20.24 1 0
github.com/tzone85/project-x/internal/cli/agents.go:20.24,23.5 2 0
github.com/tzone85/project-x/internal/cli/agents.go:25.4,28.29 2 0
github.com/tzone85/project-x/internal/cli/agents.go:28.29,30.21 2 0
github.com/tzone85/project-x/internal/cli/agents.go:30.21,32.6 1 0
github.com/tzone85/project-x/internal/cli/agents.go:34.5,35.20 2 0
github.com/tzone85/project-x/internal/cli/agents.go:35.20,37.6 1 0
github.com/tzone85/project-x/internal/cli/agents.go:38.5,38.24 1 0
github.com/tzone85/project-x/internal/cli/agents.go:38.24,40.6 1 0
github.com/tzone85/project-x/internal/cli/agents.go:42.5,43.22 2 0
github.com/tzone85/project-x/internal/cli/agents.go:43.22,45.6 1 0
github.com/tzone85/project-x/internal/cli/agents.go:47.5,48.52 1 0
github.com/tzone85/project-x/internal/cli/agents.go:51.4,51.14 1 0
github.com/tzone85/project-x/internal/cli/archive.go:9.37,14.55 1 1
github.com/tzone85/project-x/internal/cli/archive.go:14.55,17.66 2 0
github.com/tzone85/project-x/internal/cli/archive.go:17.66,19.5 1 0
github.com/tzone85/project-x/internal/cli/archive.go:21.4,21.67 1 0
github.com/tzone85/project-x/internal/cli/archive.go:21.67,23.5 1 0
github.com/tzone85/project-x/internal/cli/archive.go:25.4,26.14 2 0
github.com/tzone85/project-x/internal/cli/config_cmd.go:10.36,14.55 1 1
github.com/tzone85/project-x/internal/cli/config_cmd.go:14.55,16.4 1 0
github.com/tzone85/project-x/internal/cli/config_cmd.go:19.2,20.12 2 1
github.com/tzone85/project-x/internal/cli/config_cmd.go:23.40,27.55 1 1
github.com/tzone85/project-x/internal/cli/config_cmd.go:27.55,29.18 2 0
github.com/tzone85/project-x/internal/cli/config_cmd.go:29.18,31.5 1 0
github.com/tzone85/project-x/internal/cli/config_cmd.go:32.4,33.14 2 0
github.com/tzone85/project-x/internal/cli/config_cmd.go:38.44,42.55 1 1
github.com/tzone85/project-x/internal/cli/config_cmd.go:42.55,43.48 1 0
github.com/tzone85/project-x/internal/cli/config_cmd.go:43.48,45.5 1 0
github.com/tzone85/project-x/internal/cli/config_cmd.go:46.4,47.14 2 0
github.com/tzone85/project-x/internal/cli/cost.go:13.34,20.2 1 1
github.com/tzone85/project-x/internal/cli/cost.go:22.55,27.16 4 0
github.com/tzone85/project-x/internal/cli/cost.go:27.16,29.3 1 0
github.com/tzone85/project-x/internal/cli/cost.go:30.2,35.20 4 0
github.com/tzone85/project-x/internal/cli/cost.go:35.20,37.3 1 0
github.com/tzone85/project-x/internal/cli/cost.go:39.2,39.32 1 0
github.com/tzone85/project-x/internal/cli/cost.go:43.55,45.16 2 0
github.com/tzone85/project-x/internal/cli/cost.go:45.16,47.3 1 0
github.com/tzone85/project-x/internal/cli/cost.go:49.2,49.20 1 0
github.com/tzone85/project-x/internal/cli/cost.go:49.20,52.3 2 0
github.com/tzone85/project-x/internal/cli/cost.go:54.2,57.27 3 0
github.com/tzone85/project-x/internal/cli/cost.go:57.27,59.17 2 0
github.com/tzone85/project-x/internal/cli/cost.go:59.17,61.4 1 0
github.com/tzone85/project-x/internal/cli/cost.go:62.3,68.4 1 0
github.com/tzone85/project-x/internal/cli/cost.go:71.2,71.12 1 0
github.com/tzone85/project-x/internal/cli/cost.go:75.65,77.16 2 0
github.com/tzone85/project-x/internal/cli/cost.go:77.16,79.3 1 0
github.com/tzone85/project-x/internal/cli/cost.go:81.2,82.16 2 0
github.com/tzone85/project-x/internal/cli/cost.go:82.16,84.3 1 0
github.com/tzone85/project-x/internal/cli/cost.go:86.2,87.16 2 0
github.com/tzone85/project-x/internal/cli/cost.go:87.16,89.3 1 0
github.com/tzone85/project-x/internal/cli/cost.go:91.2,97.23 5 0
github.com/tzone85/project-x/internal/cli/cost.go:97.23,100.3 2 0
github.com/tzone85/project-x/internal/cli/cost.go:102.2,103.29 2 0
github.com/tzone85/project-x/internal/cli/cost.go:103.29,105.17 2 0
github.com/tzone85/project-x/internal/cli/cost.go:105.17,107.4 1 0
github.com/tzone85/project-x/internal/cli/cost.go:108.3,114.4 1 0
github.com/tzone85/project-x/internal/cli/cost.go:117.2,117.12 1 0
github.com/tzone85/project-x/internal/cli/cost.go:122.55,123.16 1 10
github.com/tzone85/project-x/internal/cli/cost.go:123.16,125.3 1 2
github.com/tzone85/project-x/internal/cli/cost.go:127.2,128.13 2 8
github.com/tzone85/project-x/internal/cli/cost.go:128.13,130.3 1 1
github.com/tzone85/project-x/internal/cli/cost.go:132.2,136.9 4 8
github.com/tzone85/project-x/internal/cli/cost.go:137.18,138.30 1 3
github.com/tzone85/project-x/internal/cli/cost.go:139.18,140.30 1 2
github.com/tzone85/project-x/internal/cli/cost.go:141.10,142.30 1 3
github.com/tzone85/project-x/internal/cli/cost.go:147.39,149.21 2 8
github.com/tzone85/project-x/internal/cli/cost.go:149.21,151.3 1 3
github.com/tzone85/project-x/internal/cli/cost.go:152.2,152.12 1 5
github.com/tzone85/project-x/internal/cli/cost.go:152.12,154.3 1 3
github.com/tzone85/project-x/internal/cli/cost.go:155.2,155.36 1 2
github.com/tzone85/project-x/internal/cli/dashboard.go:20.39,29.55 4 1
github.com/tzone85/project-x/internal/cli/dashboard.go:29.55,30.15 1 0
github.com/tzone85/project-x/internal/cli/dashboard.go:30.15,32.5 1 0
github.com/tzone85/project-x/internal/cli/dashboard.go:33.4,33.28 1 0
github.com/tzone85/project-x/internal/cli/dashboard.go:37.2,40.12 4 1
github.com/tzone85/project-x/internal/cli/dashboard.go:43.30,61.2 6 0
github.com/tzone85/project-x/internal/cli/dashboard.go:63.72,70.12 5 0
github.com/tzone85/project-x/internal/cli/dashboard.go:70.12,74.3 3 0
github.com/tzone85/project-x/internal/cli/dashboard.go:76.2,91.23 6 0
github.com/tzone85/project-x/internal/cli/dashboard.go:95.30,97.22 2 0
github.com/tzone85/project-x/internal/cli/dashboard.go:98.16,99.34 1 0
github.com/tzone85/project-x/internal/cli/dashboard.go:100.15,101.38 1 0
github.com/tzone85/project-x/internal/cli/dashboard.go:102.17,103.48 1 0
github.com/tzone85/project-x/internal/cli/dashboard.go:104.10,105.9 1 0
github.com/tzone85/project-x/internal/cli/dashboard.go:107.2,107.17 1 0
github.com/tzone85/project-x/internal/cli/events.go:10.36,16.55 2 1
github.com/tzone85/project-x/internal/cli/events.go:16.55,18.18 2 0
github.com/tzone85/project-x/internal/cli/events.go:18.18,20.5 1 0
github.com/tzone85/project-x/internal/cli/events.go:22.4,22.31 1 0
github.com/tzone85/project-x/internal/cli/events.go:22.31,24.21 2 0
github.com/tzone85/project-x/internal/cli/events.go:24.21,26.6 1 0
github.com/tzone85/project-x/internal/cli/events.go:27.5,28.45 1 0
github.com/tzone85/project-x/internal/cli/events.go:31.4,31.24 1 0
github.com/tzone85/project-x/internal/cli/events.go:31.24,33.5 1 0
github.com/tzone85/project-x/internal/cli/events.go:35.4,35.14 1 0
github.com/tzone85/project-x/internal/cli/events.go:39.2,40.12 2 1
github.com/tzone85/project-x/internal/cli/gc.go:12.32,16.55 1 1
github.com/tzone85/project-x/internal/cli/gc.go:16.55,18.4 1 0
github.com/tzone85/project-x/internal/cli/gc.go:23.20,25.16 2 0
github.com/tzone85/project-x/internal/cli/gc.go:25.16,27.3 1 0
github.com/tzone85/project-x/internal/cli/gc.go:29.2,31.16 3 0
github.com/tzone85/project-x/internal/cli/gc.go:31.16,32.25 1 0
github.com/tzone85/project-x/internal/cli/gc.go:32.25,36.4 3 0
github.com/tzone85/project-x/internal/cli/gc.go:37.3,37.51 1 0
github.com/tzone85/project-x/internal/cli/gc.go:41.2,42.27 2 0
github.com/tzone85/project-x/internal/cli/gc.go:42.27,43.60 1 0
github.com/tzone85/project-x/internal/cli/gc.go:43.60,45.4 1 0
github.com/tzone85/project-x/internal/cli/gc.go:48.2,49.32 2 0
github.com/tzone85/project-x/internal/cli/gc.go:49.32,50.21 1 0
github.com/tzone85/project-x/internal/cli/gc.go:50.21,51.12 1 0
github.com/tzone85/project-x/internal/cli/gc.go:53.3,53.33 1 0
github.com/tzone85/project-x/internal/cli/gc.go:53.33,54.12 1 0
github.com/tzone85/project-x/internal/cli/gc.go:56.3,57.46 2 0
github.com/tzone85/project-x/internal/cli/gc.go:57.46,59.4 1 0
github.com/tzone85/project-x/internal/cli/gc.go:60.3,61.12 2 0
github.com/tzone85/project-x/internal/cli/gc.go:64.2,64.18 1 0
github.com/tzone85/project-x/internal/cli/gc.go:64.18,66.3 1 0
github.com/tzone85/project-x/internal/cli/gc.go:67.2,68.12 2 0
github.com/tzone85/project-x/internal/cli/llm.go:20.34,23.39 2 0
github.com/tzone85/project-x/internal/cli/llm.go:23.39,24.61 1 0
github.com/tzone85/project-x/internal/cli/llm.go:24.61,26.4 1 0
github.com/tzone85/project-x/internal/cli/llm.go:26.9,28.4 1 0
github.com/tzone85/project-x/internal/cli/llm.go:29.8,31.3 1 0
github.com/tzone85/project-x/internal/cli/llm.go:33.2,34.34 2 0
github.com/tzone85/project-x/internal/cli/llm.go:34.34,36.3 1 0
github.com/tzone85/project-x/internal/cli/llm.go:38.2,39.57 2 0
github.com/tzone85/project-x/internal/cli/llm.go:39.57,41.3 1 0
github.com/tzone85/project-x/internal/cli/llm.go:43.2,44.23 2 0
github.com/tzone85/project-x/internal/cli/llm.go:44.23,48.3 1 0
github.com/tzone85/project-x/internal/cli/llm.go:50.2,50.15 1 0
github.com/tzone85/project-x/internal/cli/migrate.go:9.37,13.55 1 1
github.com/tzone85/project-x/internal/cli/migrate.go:13.55,18.4 2 0
github.com/tzone85/project-x/internal/cli/model_switch_approver.go:20.58,24.2 1 1
github.com/tzone85/project-x/internal/cli/model_switch_approver.go:26.87,32.42 4 0
github.com/tzone85/project-x/internal/cli/model_switch_approver.go:32.42,34.3 1 0
github.com/tzone85/project-x/internal/cli/model_switch_approver.go:36.2,37.16 2 0
github.com/tzone85/project-x/internal/cli/model_switch_approver.go:37.16,42.3 1 0
github.com/tzone85/project-x/internal/cli/model_switch_approver.go:43.2,43.27 1 0
github.com/tzone85/project-x/internal/cli/model_switch_approver.go:43.27,45.3 1 0
github.com/tzone85/project-x/internal/cli/model_switch_approver.go:47.2,49.25 3 0
github.com/tzone85/project-x/internal/cli/model_switch_approver.go:49.25,51.3 1 0
github.com/tzone85/project-x/internal/cli/model_switch_approver.go:52.2,52.23 1 0
github.com/tzone85/project-x/internal/cli/model_switch_approver.go:52.23,54.27 2 0
github.com/tzone85/project-x/internal/cli/model_switch_approver.go:54.27,56.4 1 0
github.com/tzone85/project-x/internal/cli/model_switch_approver.go:57.3,57.16 1 0
github.com/tzone85/project-x/internal/cli/model_switch_approver.go:59.2,61.30 3 0
github.com/tzone85/project-x/internal/cli/model_switch_approver.go:61.30,63.3 1 0
github.com/tzone85/project-x/internal/cli/model_switch_approver.go:64.2,65.20 2 0
github.com/tzone85/project-x/internal/cli/model_switch_approver.go:65.20,67.3 1 0
github.com/tzone85/project-x/internal/cli/model_switch_approver.go:68.2,71.30 3 0
github.com/tzone85/project-x/internal/cli/model_switch_approver.go:71.30,73.3 1 0
github.com/tzone85/project-x/internal/cli/model_switch_approver.go:75.2,77.22 3 0
github.com/tzone85/project-x/internal/cli/model_switch_approver.go:80.50,87.2 1 2
github.com/tzone85/project-x/internal/cli/model_switch_approver.go:89.32,91.16 2 0
github.com/tzone85/project-x/internal/cli/model_switch_approver.go:91.16,93.3 1 0
github.com/tzone85/project-x/internal/cli/model_switch_approver.go:94.2,94.47 1 0
github.com/tzone85/project-x/internal/cli/model_switch_approver.go:97.59,98.26 1 0
github.com/tzone85/project-x/internal/cli/model_switch_approver.go:98.26,100.3 1 0
github.com/tzone85/project-x/internal/cli/model_switch_approver.go:102.2,103.16 2 0
github.com/tzone85/project-x/internal/cli/model_switch_approver.go:103.16,105.3 1 0
github.com/tzone85/project-x/internal/cli/model_switch_approver.go:106.2,106.39 1 0
github.com/tzone85/project-x/internal/cli/model_switch_approver.go:109.35,110.47 1 13
github.com/tzone85/project-x/internal/cli/model_switch_approver.go:111.18,112.14 1 7
github.com/tzone85/project-x/internal/cli/model_switch_approver.go:113.10,114.15 1 6
github.com/tzone85/project-x/internal/cli/plan.go:18.34,27.55 3 1
github.com/tzone85/project-x/internal/cli/plan.go:27.55,28.25 1 0
github.com/tzone85/project-x/internal/cli/plan.go:28.25,30.5 1 0
github.com/tzone85/project-x/internal/cli/plan.go:31.4,31.25 1 0
github.com/tzone85/project-x/internal/cli/plan.go:31.25,33.5 1 0
github.com/tzone85/project-x/internal/cli/plan.go:34.4,34.22 1 0
github.com/tzone85/project-x/internal/cli/plan.go:34.22,36.5 1 0
github.com/tzone85/project-x/internal/cli/plan.go:37.4,37.42 1 0
github.com/tzone85/project-x/internal/cli/plan.go:41.2,43.12 3 1
github.com/tzone85/project-x/internal/cli/plan.go:46.54,48.16 2 0
github.com/tzone85/project-x/internal/cli/plan.go:48.16,50.3 1 0
github.com/tzone85/project-x/internal/cli/plan.go:52.2,65.16 7 0
github.com/tzone85/project-x/internal/cli/plan.go:65.16,67.3 1 0
github.com/tzone85/project-x/internal/cli/plan.go:69.2,82.54 5 0
github.com/tzone85/project-x/internal/cli/plan.go:82.54,84.3 1 0
github.com/tzone85/project-x/internal/cli/plan.go:85.2,87.28 2 0
github.com/tzone85/project-x/internal/cli/plan.go:87.28,99.57 2 0
github.com/tzone85/project-x/internal/cli/plan.go:99.57,101.4 1 0
github.com/tzone85/project-x/internal/cli/plan.go:102.3,102.31 1 0
github.com/tzone85/project-x/internal/cli/plan.go:105.2,108.58 2 0
github.com/tzone85/project-x/internal/cli/plan.go:108.58,110.3 1 0
github.com/tzone85/project-x/internal/cli/plan.go:111.2,118.12 6 0
github.com/tzone85/project-x/internal/cli/plan.go:121.40,123.16 2 0
github.com/tzone85/project-x/internal/cli/plan.go:123.16,125.3 1 0
github.com/tzone85/project-x/internal/cli/plan.go:127.2,128.16 2 0
github.com/tzone85/project-x/internal/cli/plan.go:128.16,130.3 1 0
github.com/tzone85/project-x/internal/cli/plan.go:132.2,132.23 1 0
github.com/tzone85/project-x/internal/cli/plan.go:132.23,134.3 1 0
github.com/tzone85/project-x/internal/cli/plan.go:136.2,137.16 2 0
github.com/tzone85/project-x/internal/cli/plan.go:137.16,139.3 1 0
github.com/tzone85/project-x/internal/cli/plan.go:142.2,153.28 8 0
github.com/tzone85/project-x/internal/cli/plan.go:153.28,155.48 2 0
github.com/tzone85/project-x/internal/cli/plan.go:155.48,157.4 1 0
github.com/tzone85/project-x/internal/cli/plan.go:159.3,160.22 2 0
github.com/tzone85/project-x/internal/cli/plan.go:160.22,162.4 1 0
github.com/tzone85/project-x/internal/cli/plan.go:164.3,165.19 2 0
github.com/tzone85/project-x/internal/cli/plan.go:165.19,167.4 1 0
github.com/tzone85/project-x/internal/cli/plan.go:169.3,170.61 1 0
github.com/tzone85/project-x/internal/cli/plan.go:173.2,173.12 1 0
github.com/tzone85/project-x/internal/cli/plan.go:176.61,181.21 4 0
github.com/tzone85/project-x/internal/cli/plan.go:181.21,183.3 1 0
github.com/tzone85/project-x/internal/cli/plan.go:184.2,184.38 1 0
github.com/tzone85/project-x/internal/cli/plan.go:184.38,186.3 1 0
github.com/tzone85/project-x/internal/cli/plan.go:188.2,189.39 2 0
github.com/tzone85/project-x/internal/cli/plan.go:189.39,191.3 1 0
github.com/tzone85/project-x/internal/cli/plan.go:193.2,194.16 2 0
github.com/tzone85/project-x/internal/cli/plan.go:194.16,196.3 1 0
github.com/tzone85/project-x/internal/cli/plan.go:198.2,207.16 5 0
github.com/tzone85/project-x/internal/cli/plan.go:207.16,209.3 1 0
github.com/tzone85/project-x/internal/cli/plan.go:211.2,211.65 1 0
github.com/tzone85/project-x/internal/cli/plan.go:211.65,213.3 1 0
github.com/tzone85/project-x/internal/cli/plan.go:215.2,215.28 1 0
github.com/tzone85/project-x/internal/cli/plan.go:215.28,227.57 2 0
github.com/tzone85/project-x/internal/cli/plan.go:227.57,229.4 1 0
github.com/tzone85/project-x/internal/cli/plan.go:230.3,230.31 1 0
github.com/tzone85/project-x/internal/cli/plan.go:233.2,236.57 2 0
github.com/tzone85/project-x/internal/cli/plan.go:236.57,238.3 1 0
github.com/tzone85/project-x/internal/cli/plan.go:239.2,244.12 4 0
github.com/tzone85/project-x/internal/cli/plan.go:248.51,249.17 1 0
github.com/tzone85/project-x/internal/cli/plan.go:249.17,252.22 3 0
github.com/tzone85/project-x/internal/cli/plan.go:252.22,254.4 1 0
github.com/tzone85/project-x/internal/cli/plan.go:255.3,255.39 1 0
github.com/tzone85/project-x/internal/cli/plan.go:255.39,257.4 1 0
github.com/tzone85/project-x/internal/cli/plan.go:258.3,259.36 2 0
github.com/tzone85/project-x/internal/cli/plan.go:259.36,261.4 1 0
github.com/tzone85/project-x/internal/cli/plan.go:262.3,262.19 1 0
github.com/tzone85/project-x/internal/cli/plan.go:265.2,266.16 2 0
github.com/tzone85/project-x/internal/cli/plan.go:266.16,268.3 1 0
github.com/tzone85/project-x/internal/cli/plan.go:270.2,271.16 2 0
github.com/tzone85/project-x/internal/cli/plan.go:271.16,273.3 1 0
github.com/tzone85/project-x/internal/cli/plan.go:275.2,275.18 1 0
github.com/tzone85/project-x/internal/cli/plan.go:279.54,283.28 3 0
github.com/tzone85/project-x/internal/cli/plan.go:283.28,285.22 2 0
github.com/tzone85/project-x/internal/cli/plan.go:285.22,287.4 1 0
github.com/tzone85/project-x/internal/cli/plan.go:289.3,290.18 2 0
github.com/tzone85/project-x/internal/cli/plan.go:290.18,292.4 1 0
github.com/tzone85/project-x/internal/cli/plan.go:294.3,295.27 2 0
github.com/tzone85/project-x/internal/cli/plan.go:295.27,297.4 1 0
github.com/tzone85/project-x/internal/cli/plan.go:299.3,300.49 1 0
github.com/tzone85/project-x/internal/cli/plan.go:305.26,307.2 1 0
github.com/tzone85/project-x/internal/cli/plan.go:311.49,315.19 3 0
github.com/tzone85/project-x/internal/cli/plan.go:315.19,317.3 1 0
github.com/tzone85/project-x/internal/cli/plan.go:319.2,321.55 2 0
github.com/tzone85/project-x/internal/cli/plan.go:321.55,323.3 1 0
github.com/tzone85/project-x/internal/cli/plan.go:324.2,324.26 1 0
github.com/tzone85/project-x/internal/cli/plan.go:328.61,330.25 2 0
github.com/tzone85/project-x/internal/cli/plan.go:330.25,332.3 1 0
github.com/tzone85/project-x/internal/cli/plan.go:333.2,333.10 1 0
github.com/tzone85/project-x/internal/cli/plan.go:339.90,342.28 2 0
github.com/tzone85/project-x/internal/cli/plan.go:342.28,344.3 1 0
github.com/tzone85/project-x/internal/cli/plan.go:347.2,348.28 2 0
github.com/tzone85/project-x/internal/cli/plan.go:348.28,350.35 2 0
github.com/tzone85/project-x/internal/cli/plan.go:350.35,351.36 1 0
github.com/tzone85/project-x/internal/cli/plan.go:351.36,353.5 1 0
github.com/tzone85/project-x/internal/cli/plan.go:353.10,355.5 1 0
github.com/tzone85/project-x/internal/cli/plan.go:357.3,366.4 1 0
github.com/tzone85/project-x/internal/cli/plan.go:368.2,368.15 1 0
github.com/tzone85/project-x/internal/cli/resume.go:20.36,28.55 2 1
github.com/tzone85/project-x/internal/cli/resume.go:28.55,30.4 1 0
github.com/tzone85/project-x/internal/cli/resume.go:33.2,34.12 2 1
github.com/tzone85/project-x/internal/cli/resume.go:37.71,40.16 2 0
github.com/tzone85/project-x/internal/cli/resume.go:40.16,42.3 1 0
github.com/tzone85/project-x/internal/cli/resume.go:43.2,43.30 1 0
github.com/tzone85/project-x/internal/cli/resume.go:43.30,45.3 1 0
github.com/tzone85/project-x/internal/cli/resume.go:47.2,51.16 3 0
github.com/tzone85/project-x/internal/cli/resume.go:51.16,53.3 1 0
github.com/tzone85/project-x/internal/cli/resume.go:54.2,54.23 1 0
github.com/tzone85/project-x/internal/cli/resume.go:54.23,56.3 1 0
github.com/tzone85/project-x/internal/cli/resume.go:58.2,59.16 2 0
github.com/tzone85/project-x/internal/cli/resume.go:59.16,61.3 1 0
github.com/tzone85/project-x/internal/cli/resume.go:63.2,67.28 4 0
github.com/tzone85/project-x/internal/cli/resume.go:67.28,74.57 3 0
github.com/tzone85/project-x/internal/cli/resume.go:74.57,76.4 1 0
github.com/tzone85/project-x/internal/cli/resume.go:78.2,78.25 1 0
github.com/tzone85/project-x/internal/cli/resume.go:78.25,80.3 1 0
github.com/tzone85/project-x/internal/cli/resume.go:82.2,82.36 1 0
github.com/tzone85/project-x/internal/cli/resume.go:82.36,85.3 2 0
github.com/tzone85/project-x/internal/cli/resume.go:88.2,93.12 5 0
github.com/tzone85/project-x/internal/cli/resume.go:93.12,97.3 3 0
github.com/tzone85/project-x/internal/cli/resume.go:100.2,101.19 2 0
github.com/tzone85/project-x/internal/cli/resume.go:101.19,103.3 1 0
github.com/tzone85/project-x/internal/cli/resume.go:106.2,144.6 15 0
github.com/tzone85/project-x/internal/cli/resume.go:144.6,147.17 3 0
github.com/tzone85/project-x/internal/cli/resume.go:147.17,149.4 1 0
github.com/tzone85/project-x/internal/cli/resume.go:150.3,150.28 1 0
github.com/tzone85/project-x/internal/cli/resume.go:150.28,153.15 2 0
github.com/tzone85/project-x/internal/cli/resume.go:153.15,154.10 1 0
github.com/tzone85/project-x/internal/cli/resume.go:156.4,157.9 2 0
github.com/tzone85/project-x/internal/cli/resume.go:160.3,161.33 2 0
github.com/tzone85/project-x/internal/cli/resume.go:161.33,163.4 1 0
github.com/tzone85/project-x/internal/cli/resume.go:166.3,166.33 1 0
github.com/tzone85/project-x/internal/cli/resume.go:166.33,173.4 3 0
github.com/tzone85/project-x/internal/cli/resume.go:176.3,178.29 3 0
github.com/tzone85/project-x/internal/cli/resume.go:178.29,179.22 1 0
github.com/tzone85/project-x/internal/cli/resume.go:179.22,181.13 2 0
github.com/tzone85/project-x/internal/cli/resume.go:183.4,190.6 1 0
github.com/tzone85/project-x/internal/cli/resume.go:193.3,193.29 1 0
github.com/tzone85/project-x/internal/cli/resume.go:193.29,195.9 2 0
github.com/tzone85/project-x/internal/cli/resume.go:199.3,199.64 1 0
github.com/tzone85/project-x/internal/cli/resume.go:199.64,201.4 1 0
github.com/tzone85/project-x/internal/cli/resume.go:204.3,205.38 2 0
github.com/tzone85/project-x/internal/cli/resume.go:205.38,206.58 1 0
github.com/tzone85/project-x/internal/cli/resume.go:206.58,208.5 1 0
github.com/tzone85/project-x/internal/cli/resume.go:212.3,212.23 1 0
github.com/tzone85/project-x/internal/cli/resume.go:212.23,215.4 2 0
github.com/tzone85/project-x/internal/cli/resume.go:219.2,219.36 1 0
github.com/tzone85/project-x/internal/cli/resume.go:219.36,224.3 4 0
github.com/tzone85/project-x/internal/cli/resume.go:226.2,226.12 1 0
github.com/tzone85/project-x/internal/cli/root.go:39.46,40.16 1 6
github.com/tzone85/project-x/internal/cli/root.go:40.16,42.3 1 1
github.com/tzone85/project-x/internal/cli/root.go:43.2,43.34 1 5
github.com/tzone85/project-x/internal/cli/root.go:43.34,45.3 1 2
github.com/tzone85/project-x/internal/cli/root.go:46.2,46.14 1 3
github.com/tzone85/project-x/internal/cli/root.go:49.34,54.68 1 1
github.com/tzone85/project-x/internal/cli/root.go:54.68,55.27 1 0
github.com/tzone85/project-x/internal/cli/root.go:55.27,57.5 1 0
github.com/tzone85/project-x/internal/cli/root.go:58.4,58.20 1 0
github.com/tzone85/project-x/internal/cli/root.go:60.69,61.27 1 0
github.com/tzone85/project-x/internal/cli/root.go:61.27,63.5 1 0
github.com/tzone85/project-x/internal/cli/root.go:64.4,64.23 1 0
github.com/tzone85/project-x/internal/cli/root.go:66.55,68.4 1 0
github.com/tzone85/project-x/internal/cli/root.go:71.2,81.12 11 1
github.com/tzone85/project-x/internal/cli/root.go:84.37,88.48 1 2
github.com/tzone85/project-x/internal/cli/root.go:88.48,90.4 1 0
github.com/tzone85/project-x/internal/cli/root.go:95.22,98.19 2 0
github.com/tzone85/project-x/internal/cli/root.go:98.19,100.3 1 0
github.com/tzone85/project-x/internal/cli/root.go:102.2,103.16 2 0
github.com/tzone85/project-x/internal/cli/root.go:103.16,105.3 1 0
github.com/tzone85/project-x/internal/cli/root.go:107.2,116.16 7 0
github.com/tzone85/project-x/internal/cli/root.go:116.16,118.3 1 0
github.com/tzone85/project-x/internal/cli/root.go:119.2,124.53 3 0
github.com/tzone85/project-x/internal/cli/root.go:124.53,126.3 1 0
github.com/tzone85/project-x/internal/cli/root.go:129.2,131.16 3 0
github.com/tzone85/project-x/internal/cli/root.go:131.16,133.3 1 0
github.com/tzone85/project-x/internal/cli/root.go:134.2,139.16 4 0
github.com/tzone85/project-x/internal/cli/root.go:139.16,142.3 2 0
github.com/tzone85/project-x/internal/cli/root.go:143.2,151.12 6 0
github.com/tzone85/project-x/internal/cli/root.go:155.25,156.26 1 0
github.com/tzone85/project-x/internal/cli/root.go:156.26,158.3 1 0
github.com/tzone85/project-x/internal/cli/root.go:159.2,159.26 1 0
github.com/tzone85/project-x/internal/cli/root.go:159.26,160.47 1 0
github.com/tzone85/project-x/internal/cli/root.go:160.47,162.4 1 0
github.com/tzone85/project-x/internal/cli/root.go:164.2,164.27 1 0
github.com/tzone85/project-x/internal/cli/root.go:164.27,165.48 1 0
github.com/tzone85/project-x/internal/cli/root.go:165.48,167.4 1 0
github.com/tzone85/project-x/internal/cli/root.go:169.2,169.27 1 0
github.com/tzone85/project-x/internal/cli/root.go:169.27,171.3 1 0
github.com/tzone85/project-x/internal/cli/root.go:172.2,172.12 1 0
github.com/tzone85/project-x/internal/cli/root.go:175.22,177.2 1 0
github.com/tzone85/project-x/internal/cli/status.go:10.36,15.55 1 1
github.com/tzone85/project-x/internal/cli/status.go:15.55,16.22 1 0
github.com/tzone85/project-x/internal/cli/status.go:16.22,18.5 1 0
github.com/tzone85/project-x/internal/cli/status.go:19.4,19.32 1 0
github.com/tzone85/project-x/internal/cli/status.go:25.34,27.16 2 0
github.com/tzone85/project-x/internal/cli/status.go:27.16,29.3 1 0
github.com/tzone85/project-x/internal/cli/status.go:31.2,31.20 1 0
github.com/tzone85/project-x/internal/cli/status.go:31.20,34.3 2 0
github.com/tzone85/project-x/internal/cli/status.go:36.2,36.27 1 0
github.com/tzone85/project-x/internal/cli/status.go:36.27,38.17 2 0
github.com/tzone85/project-x/internal/cli/status.go:38.17,40.4 1 0
github.com/tzone85/project-x/internal/cli/status.go:42.3,47.28 3 0
github.com/tzone85/project-x/internal/cli/status.go:47.28,50.44 3 0
github.com/tzone85/project-x/internal/cli/status.go:50.44,51.15 1 0
github.com/tzone85/project-x/internal/cli/status.go:51.15,53.6 1 0
github.com/tzone85/project-x/internal/cli/status.go:54.5,55.18 2 0
github.com/tzone85/project-x/internal/cli/status.go:57.4,57.19 1 0
github.com/tzone85/project-x/internal/cli/status.go:59.3,59.16 1 0
github.com/tzone85/project-x/internal/cli/status.go:62.2,62.12 1 0
github.com/tzone85/project-x/internal/cli/status.go:66.48,68.16 2 0
github.com/tzone85/project-x/internal/cli/status.go:68.16,70.3 1 0
github.com/tzone85/project-x/internal/cli/status.go:72.2,78.27 6 0
github.com/tzone85/project-x/internal/cli/status.go:78.27,80.3 1 0
github.com/tzone85/project-x/internal/cli/status.go:82.2,83.16 2 0
github.com/tzone85/project-x/internal/cli/status.go:83.16,85.3 1 0
github.com/tzone85/project-x/internal/cli/status.go:87.2,88.23 2 0
github.com/tzone85/project-x/internal/cli/status.go:88.23,91.3 2 0
github.com/tzone85/project-x/internal/cli/status.go:93.2,93.29 1 0
github.com/tzone85/project-x/internal/cli/status.go:93.29,95.23 2 0
github.com/tzone85/project-x/internal/cli/status.go:95.23,97.4 1 0
github.com/tzone85/project-x/internal/cli/status.go:98.3,99.57 1 0
github.com/tzone85/project-x/internal/cli/status.go:102.2,102.12 1 0
github.com/tzone85/project-x/internal/cli/status.go:106.58,108.29 2 3
github.com/tzone85/project-x/internal/cli/status.go:108.29,110.3 1 8
github.com/tzone85/project-x/internal/cli/status.go:111.2,111.15 1 3
github.com/tzone85/project-x/internal/monitor/dispatcher.go:38.62,40.2 1 9
github.com/tzone85/project-x/internal/monitor/dispatcher.go:51.25,53.21 2 9
github.com/tzone85/project-x/internal/monitor/dispatcher.go:53.21,55.3 1 2
github.com/tzone85/project-x/internal/monitor/dispatcher.go:57.2,60.32 3 7
github.com/tzone85/project-x/internal/monitor/dispatcher.go:60.32,62.10 2 10
github.com/tzone85/project-x/internal/monitor/dispatcher.go:62.10,63.12 1 1
github.com/tzone85/project-x/internal/monitor/dispatcher.go:66.3,79.5 5 9
github.com/tzone85/project-x/internal/monitor/dispatcher.go:82.2,82.25 1 7
github.com/tzone85/project-x/internal/monitor/dispatcher.go:86.28,88.2 1 9
github.com/tzone85/project-x/internal/monitor/executor.go:60.13,68.2 1 8
github.com/tzone85/project-x/internal/monitor/executor.go:78.17,81.32 2 8
github.com/tzone85/project-x/internal/monitor/executor.go:81.32,84.3 2 9
github.com/tzone85/project-x/internal/monitor/executor.go:86.2,86.16 1 8
github.com/tzone85/project-x/internal/monitor/executor.go:99.15,104.71 3 9
github.com/tzone85/project-x/internal/monitor/executor.go:104.71,106.3 1 0
github.com/tzone85/project-x/internal/monitor/executor.go:108.2,108.86 1 9
github.com/tzone85/project-x/internal/monitor/executor.go:108.86,110.3 1 2
github.com/tzone85/project-x/internal/monitor/executor.go:113.2,114.57 2 7
github.com/tzone85/project-x/internal/monitor/executor.go:114.57,116.3 1 0
github.com/tzone85/project-x/internal/monitor/executor.go:117.2,118.76 2 7
github.com/tzone85/project-x/internal/monitor/executor.go:118.76,120.3 1 0
github.com/tzone85/project-x/internal/monitor/executor.go:123.2,124.16 2 7
github.com/tzone85/project-x/internal/monitor/executor.go:124.16,126.3 1 0
github.com/tzone85/project-x/internal/monitor/executor.go:129.2,149.26 6 7
github.com/tzone85/project-x/internal/monitor/executor.go:149.26,151.3 1 0
github.com/tzone85/project-x/internal/monitor/executor.go:152.2,152.39 1 7
github.com/tzone85/project-x/internal/monitor/executor.go:152.39,154.3 1 7
github.com/tzone85/project-x/internal/monitor/executor.go:156.2,156.55 1 7
github.com/tzone85/project-x/internal/monitor/executor.go:156.55,158.3 1 0
github.com/tzone85/project-x/internal/monitor/executor.go:161.2,178.3 4 7
github.com/tzone85/project-x/internal/monitor/executor.go:183.69,200.29 14 7
github.com/tzone85/project-x/internal/monitor/executor.go:200.29,204.3 3 7
github.com/tzone85/project-x/internal/monitor/executor.go:206.2,206.36 1 7
github.com/tzone85/project-x/internal/monitor/executor.go:206.36,210.3 3 7
github.com/tzone85/project-x/internal/monitor/executor.go:212.2,212.31 1 7
github.com/tzone85/project-x/internal/monitor/executor.go:212.31,214.38 2 0
github.com/tzone85/project-x/internal/monitor/executor.go:214.38,216.4 1 0
github.com/tzone85/project-x/internal/monitor/executor.go:217.3,217.22 1 0
github.com/tzone85/project-x/internal/monitor/executor.go:220.2,220.19 1 7
github.com/tzone85/project-x/internal/monitor/poller.go:60.11,71.2 1 5
github.com/tzone85/project-x/internal/monitor/poller.go:74.87,75.22 1 5
github.com/tzone85/project-x/internal/monitor/poller.go:75.22,77.3 1 1
github.com/tzone85/project-x/internal/monitor/poller.go:79.2,80.23 2 4
github.com/tzone85/project-x/internal/monitor/poller.go:80.23,82.3 1 0
github.com/tzone85/project-x/internal/monitor/poller.go:84.2,88.27 4 4
github.com/tzone85/project-x/internal/monitor/poller.go:88.27,90.3 1 5
github.com/tzone85/project-x/internal/monitor/poller.go:92.2,94.6 3 4
github.com/tzone85/project-x/internal/monitor/poller.go:94.6,95.10 1 12
github.com/tzone85/project-x/internal/monitor/poller.go:96.21,99.14 3 1
github.com/tzone85/project-x/internal/monitor/poller.go:101.19,102.24 1 11
github.com/tzone85/project-x/internal/monitor/poller.go:102.24,106.5 3 3
github.com/tzone85/project-x/internal/monitor/poller.go:107.4,107.49 1 8
github.com/tzone85/project-x/internal/monitor/poller.go:112.115,113.38 1 8
github.com/tzone85/project-x/internal/monitor/poller.go:113.38,116.66 2 9
github.com/tzone85/project-x/internal/monitor/poller.go:116.66,120.12 4 1
github.com/tzone85/project-x/internal/monitor/poller.go:123.3,123.24 1 8
github.com/tzone85/project-x/internal/monitor/poller.go:123.24,126.4 2 0
github.com/tzone85/project-x/internal/monitor/poller.go:128.3,129.17 2 8
github.com/tzone85/project-x/internal/monitor/poller.go:129.17,130.12 1 0
github.com/tzone85/project-x/internal/monitor/poller.go:132.3,132.26 1 8
github.com/tzone85/project-x/internal/monitor/poller.go:132.26,134.24 2 0
github.com/tzone85/project-x/internal/monitor/poller.go:134.24,137.13 3 0
github.com/tzone85/project-x/internal/monitor/poller.go:139.4,139.16 1 0
github.com/tzone85/project-x/internal/monitor/poller.go:139.16,140.26 1 0
github.com/tzone85/project-x/internal/monitor/poller.go:140.26,142.6 1 0
github.com/tzone85/project-x/internal/monitor/poller.go:143.5,143.54 1 0
github.com/tzone85/project-x/internal/monitor/poller.go:143.54,145.6 1 0
github.com/tzone85/project-x/internal/monitor/poller.go:146.5,147.13 2 0
github.com/tzone85/project-x/internal/monitor/poller.go:150.3,150.27 1 8
github.com/tzone85/project-x/internal/monitor/poller.go:150.27,151.12 1 5
github.com/tzone85/project-x/internal/monitor/poller.go:154.3,158.26 4 3
github.com/tzone85/project-x/internal/monitor/poller.go:158.26,173.18 6 3
github.com/tzone85/project-x/internal/monitor/poller.go:173.18,175.5 1 0
github.com/tzone85/project-x/internal/monitor/poller.go:176.4,176.83 1 3
github.com/tzone85/project-x/internal/monitor/poller.go:179.3,179.24 1 3
github.com/tzone85/project-x/internal/monitor/poller.go:179.24,181.4 1 0
github.com/tzone85/project-x/internal/monitor/poller.go:182.3,182.30 1 3
github.com/tzone85/project-x/internal/monitor/poller.go:186.38,189.21 3 10
github.com/tzone85/project-x/internal/monitor/poller.go:189.21,191.3 1 0
github.com/tzone85/project-x/internal/monitor/poller.go:192.2,193.43 2 10
github.com/tzone85/project-x/internal/monitor/poller.go:196.62,197.23 1 0
github.com/tzone85/project-x/internal/monitor/poller.go:197.23,199.3 1 0
github.com/tzone85/project-x/internal/monitor/poller.go:200.2,201.11 2 0
github.com/tzone85/project-x/internal/monitor/poller.go:204.40,206.24 2 4
github.com/tzone85/project-x/internal/monitor/poller.go:206.24,208.3 1 0
github.com/tzone85/project-x/internal/monitor/poller.go:211.48,216.2 1 3
github.com/tzone85/project-x/internal/monitor/poller.go:218.75,220.35 2 1
github.com/tzone85/project-x/internal/monitor/poller.go:220.35,222.3 1 1
github.com/tzone85/project-x/internal/monitor/poller.go:223.2,226.5 1 1
github.com/tzone85/project-x/internal/monitor/runtime_fallback.go:56.27,57.18 1 2
github.com/tzone85/project-x/internal/monitor/runtime_fallback.go:57.18,59.3 1 0
github.com/tzone85/project-x/internal/monitor/runtime_fallback.go:60.2,67.3 1 2
github.com/tzone85/project-x/internal/monitor/runtime_fallback.go:72.123,73.61 1 2
github.com/tzone85/project-x/internal/monitor/runtime_fallback.go:73.61,75.3 1 0
github.com/tzone85/project-x/internal/monitor/runtime_fallback.go:77.2,78.9 2 2
github.com/tzone85/project-x/internal/monitor/runtime_fallback.go:78.9,80.3 1 0
github.com/tzone85/project-x/internal/monitor/runtime_fallback.go:82.2,82.48 1 2
github.com/tzone85/project-x/internal/monitor/runtime_fallback.go:82.48,96.17 2 2
github.com/tzone85/project-x/internal/monitor/runtime_fallback.go:96.17,99.4 2 0
github.com/tzone85/project-x/internal/monitor/runtime_fallback.go:100.3,100.16 1 2
github.com/tzone85/project-x/internal/monitor/runtime_fallback.go:100.16,104.4 3 1
github.com/tzone85/project-x/internal/monitor/runtime_fallback.go:107.2,108.16 2 1
github.com/tzone85/project-x/internal/monitor/runtime_fallback.go:108.16,111.3 2 0
github.com/tzone85/project-x/internal/monitor/runtime_fallback.go:113.2,114.75 2 1
github.com/tzone85/project-x/internal/monitor/runtime_fallback.go:114.75,116.3 1 0
github.com/tzone85/project-x/internal/monitor/runtime_fallback.go:118.2,140.64 3 1
github.com/tzone85/project-x/internal/monitor/runtime_fallback.go:140.64,143.3 2 0
github.com/tzone85/project-x/internal/monitor/runtime_fallback.go:145.2,154.27 4 1
github.com/tzone85/project-x/internal/monitor/runtime_fallback.go:157.82,161.31 2 1
github.com/tzone85/project-x/internal/monitor/runtime_fallback.go:161.31,163.3 1 0
github.com/tzone85/project-x/internal/monitor/runtime_fallback.go:164.2,166.5 1 1
github.com/tzone85/project-x/internal/monitor/runtime_fallback.go:169.112,171.26 2 1
github.com/tzone85/project-x/internal/monitor/runtime_fallback.go:171.26,173.3 1 0
github.com/tzone85/project-x/internal/monitor/runtime_fallback.go:175.2,191.123 2 1
github.com/tzone85/project-x/internal/monitor/runtime_fallback.go:191.123,194.3 2 1
github.com/tzone85/project-x/internal/monitor/runtime_fallback.go:196.2,196.17 1 1
github.com/tzone85/project-x/internal/monitor/runtime_fallback.go:199.109,200.39 1 1
github.com/tzone85/project-x/internal/monitor/runtime_fallback.go:200.39,201.139 1 1
github.com/tzone85/project-x/internal/monitor/runtime_fallback.go:201.139,203.4 1 0
github.com/tzone85/project-x/internal/monitor/runtime_fallback.go:206.2,206.129 1 1
github.com/tzone85/project-x/internal/monitor/runtime_fallback.go:206.129,208.3 1 0
github.com/tzone85/project-x/internal/monitor/runtime_fallback.go:210.2,211.16 2 1
github.com/tzone85/project-x/internal/monitor/runtime_fallback.go:211.16,213.3 1 0
github.com/tzone85/project-x/internal/monitor/runtime_fallback.go:214.2,214.100 1 1
github.com/tzone85/project-x/internal/monitor/runtime_fallback.go:214.100,216.3 1 0
github.com/tzone85/project-x/internal/monitor/runtime_fallback.go:218.2,218.12 1 1
github.com/tzone85/project-x/internal/monitor/runtime_fallback.go:221.59,233.34 10 1
github.com/tzone85/project-x/internal/monitor/runtime_fallback.go:233.34,237.3 3 1
github.com/tzone85/project-x/internal/monitor/runtime_fallback.go:239.2,239.30 1 1
github.com/tzone85/project-x/internal/monitor/runtime_fallback.go:239.30,243.3 3 1
github.com/tzone85/project-x/internal/monitor/runtime_fallback.go:245.2,245.29 1 1
github.com/tzone85/project-x/internal/monitor/runtime_fallback.go:245.29,249.3 3 1
github.com/tzone85/project-x/internal/monitor/runtime_fallback.go:251.2,251.36 1 1
github.com/tzone85/project-x/internal/monitor/runtime_fallback.go:251.36,253.46 2 1
github.com/tzone85/project-x/internal/monitor/runtime_fallback.go:253.46,257.4 3 1
github.com/tzone85/project-x/internal/monitor/runtime_fallback.go:258.3,258.22 1 1
github.com/tzone85/project-x/internal/monitor/runtime_fallback.go:261.2,261.39 1 1
github.com/tzone85/project-x/internal/monitor/runtime_fallback.go:261.39,265.3 3 1
github.com/tzone85/project-x/internal/monitor/runtime_fallback.go:267.2,267.37 1 1
github.com/tzone85/project-x/internal/monitor/runtime_fallback.go:267.37,271.3 3 1
github.com/tzone85/project-x/internal/monitor/runtime_fallback.go:273.2,273.19 1 1
github.com/tzone85/project-x/internal/monitor/runtime_fallback.go:276.89,278.16 2 4
github.com/tzone85/project-x/internal/monitor/runtime_fallback.go:278.16,280.3 1 0
github.com/tzone85/project-x/internal/monitor/runtime_fallback.go:281.2,281.31 1 4
github.com/tzone85/project-x/internal/monitor/runtime_fallback.go:284.43,286.16 2 1
github.com/tzone85/project-x/internal/monitor/runtime_fallback.go:286.16,288.3 1 0
github.com/tzone85/project-x/internal/monitor/runtime_fallback.go:289.2,289.21 1 1
github.com/tzone85/project-x/internal/monitor/runtime_fallback.go:292.39,293.13 1 1
github.com/tzone85/project-x/internal/monitor/runtime_fallback.go:293.13,295.3 1 0
github.com/tzone85/project-x/internal/monitor/runtime_fallback.go:296.2,297.46 2 1
github.com/tzone85/project-x/internal/monitor/runtime_fallback.go:297.46,299.17 2 1
github.com/tzone85/project-x/internal/monitor/runtime_fallback.go:299.17,301.4 1 1
github.com/tzone85/project-x/internal/monitor/runtime_fallback.go:303.2,303.12 1 1
github.com/tzone85/project-x/internal/monitor/runtime_fallback.go:306.107,311.26 2 2
github.com/tzone85/project-x/internal/monitor/runtime_fallback.go:311.26,313.3 1 5
github.com/tzone85/project-x/internal/monitor/runtime_fallback.go:314.2,314.94 1 2
github.com/tzone85/project-x/internal/monitor/runtime_fallback.go:317.56,319.24 2 3
github.com/tzone85/project-x/internal/monitor/runtime_fallback.go:319.24,321.3 1 3
github.com/tzone85/project-x/internal/monitor/runtime_fallback.go:324.40,325.12 1 2
github.com/tzone85/project-x/internal/monitor/runtime_fallback.go:325.12,327.3 1 0
github.com/tzone85/project-x/internal/monitor/runtime_fallback.go:328.2,329.21 2 2
github.com/tzone85/project-x/internal/monitor/runtime_fallback.go:329.21,331.3 1 2
github.com/tzone85/project-x/internal/monitor/runtime_fallback.go:332.2,332.68 1 0
github.com/tzone85/project-x/internal/monitor/watchdog.go:65.69,71.2 1 6
github.com/tzone85/project-x/internal/monitor/watchdog.go:81.104,86.16 3 6
github.com/tzone85/project-x/internal/monitor/watchdog.go:86.16,89.3 2 0
github.com/tzone85/project-x/internal/monitor/watchdog.go:91.2,94.16 3 6
github.com/tzone85/project-x/internal/monitor/watchdog.go:95.38,97.38 2 1
github.com/tzone85/project-x/internal/monitor/watchdog.go:99.30,101.32 2 1
github.com/tzone85/project-x/internal/monitor/watchdog.go:103.72,105.16 1 1
github.com/tzone85/project-x/internal/monitor/watchdog.go:107.29,110.17 2 3
github.com/tzone85/project-x/internal/monitor/watchdog.go:110.17,112.4 1 0
github.com/tzone85/project-x/internal/monitor/watchdog.go:114.3,121.34 5 3
github.com/tzone85/project-x/internal/monitor/watchdog.go:121.34,123.62 2 1
github.com/tzone85/project-x/internal/monitor/watchdog.go:123.62,131.5 2 1
github.com/tzone85/project-x/internal/monitor/watchdog.go:135.2,135.15 1 5
github.com/tzone85/project-x/internal/monitor/watchdog.go:140.57,142.2 1 1
github.com/tzone85/project-x/internal/monitor/watchdog.go:147.70,148.46 1 6
github.com/tzone85/project-x/internal/monitor/watchdog.go:148.46,150.3 1 1
github.com/tzone85/project-x/internal/monitor/watchdog.go:151.2,151.44 1 5
github.com/tzone85/project-x/internal/monitor/watchdog.go:151.44,153.3 1 1
github.com/tzone85/project-x/internal/monitor/watchdog.go:156.2,158.20 3 4
github.com/tzone85/project-x/internal/monitor/watchdog.go:158.20,160.43 2 4
github.com/tzone85/project-x/internal/monitor/watchdog.go:160.43,162.4 1 1
github.com/tzone85/project-x/internal/monitor/watchdog.go:165.2,165.30 1 3
github.com/tzone85/project-x/internal/git/github.go:17.104,25.16 2 4
github.com/tzone85/project-x/internal/git/github.go:25.16,27.3 1 1
github.com/tzone85/project-x/internal/git/github.go:29.2,31.16 3 3
github.com/tzone85/project-x/internal/git/github.go:31.16,33.3 1 1
github.com/tzone85/project-x/internal/git/github.go:35.2,38.8 1 2
github.com/tzone85/project-x/internal/git/github.go:42.88,44.15 2 3
github.com/tzone85/project-x/internal/git/github.go:44.15,46.3 1 2
github.com/tzone85/project-x/internal/git/github.go:48.2,49.16 2 3
github.com/tzone85/project-x/internal/git/github.go:49.16,51.3 1 1
github.com/tzone85/project-x/internal/git/github.go:52.2,52.12 1 2
github.com/tzone85/project-x/internal/git/github.go:57.45,59.20 2 3
github.com/tzone85/project-x/internal/git/github.go:59.20,61.3 1 1
github.com/tzone85/project-x/internal/git/github.go:63.2,66.26 3 2
github.com/tzone85/project-x/internal/git/github.go:66.26,68.3 1 0
github.com/tzone85/project-x/internal/git/github.go:70.2,71.16 2 2
github.com/tzone85/project-x/internal/git/github.go:71.16,73.3 1 0
github.com/tzone85/project-x/internal/git/github.go:74.2,74.17 1 2
github.com/tzone85/project-x/internal/git/ops.go:18.75,22.16 4 0
github.com/tzone85/project-x/internal/git/ops.go:22.16,24.3 1 0
github.com/tzone85/project-x/internal/git/ops.go:25.2,25.44 1 0
github.com/tzone85/project-x/internal/git/ops.go:49.34,51.2 1 0
github.com/tzone85/project-x/internal/git/ops.go:54.60,56.2 1 43
github.com/tzone85/project-x/internal/git/ops.go:59.76,66.37 2 44
github.com/tzone85/project-x/internal/git/ops.go:66.37,67.123 1 1
github.com/tzone85/project-x/internal/git/ops.go:70.2,72.30 3 43
github.com/tzone85/project-x/internal/git/ops.go:76.70,79.2 2 2
github.com/tzone85/project-x/internal/git/ops.go:82.75,85.2 2 2
github.com/tzone85/project-x/internal/git/ops.go:88.69,90.16 2 3
github.com/tzone85/project-x/internal/git/ops.go:90.16,92.3 1 1
github.com/tzone85/project-x/internal/git/ops.go:94.2,95.16 2 2
github.com/tzone85/project-x/internal/git/ops.go:95.16,97.3 1 0
github.com/tzone85/project-x/internal/git/ops.go:98.2,98.20 1 2
github.com/tzone85/project-x/internal/git/ops.go:102.86,104.16 2 4
github.com/tzone85/project-x/internal/git/ops.go:104.16,106.3 1 1
github.com/tzone85/project-x/internal/git/ops.go:107.2,107.20 1 3
github.com/tzone85/project-x/internal/git/ops.go:111.77,114.2 2 2
github.com/tzone85/project-x/internal/git/ops.go:117.85,119.16 2 2
github.com/tzone85/project-x/internal/git/ops.go:119.16,121.3 1 0
github.com/tzone85/project-x/internal/git/ops.go:122.2,122.18 1 2
github.com/tzone85/project-x/internal/git/ops.go:122.18,124.3 1 1
github.com/tzone85/project-x/internal/git/ops.go:125.2,125.41 1 1
github.com/tzone85/project-x/internal/git/scan.go:21.42,24.9 2 14
github.com/tzone85/project-x/internal/git/scan.go:25.33,26.18 1 1
github.com/tzone85/project-x/internal/git/scan.go:27.39,28.31 1 6
github.com/tzone85/project-x/internal/git/scan.go:29.43,30.29 1 1
github.com/tzone85/project-x/internal/git/scan.go:31.41,32.29 1 1
github.com/tzone85/project-x/internal/git/scan.go:33.37,34.20 1 1
github.com/tzone85/project-x/internal/git/scan.go:35.34,36.29 1 1
github.com/tzone85/project-x/internal/git/scan.go:37.39,38.30 1 1
github.com/tzone85/project-x/internal/git/scan.go:39.34,40.25 1 1
github.com/tzone85/project-x/internal/git/scan.go:44.2,46.11 2 14
github.com/tzone85/project-x/internal/git/scan.go:49.37,58.2 1 1
github.com/tzone85/project-x/internal/git/scan.go:60.57,68.38 2 6
github.com/tzone85/project-x/internal/git/scan.go:68.38,70.3 1 1
github.com/tzone85/project-x/internal/git/scan.go:73.2,75.15 2 6
github.com/tzone85/project-x/internal/git/scan.go:78.60,87.2 1 2
github.com/tzone85/project-x/internal/git/scan.go:89.39,98.2 1 1
github.com/tzone85/project-x/internal/git/scan.go:100.57,109.2 1 2
github.com/tzone85/project-x/internal/git/scan.go:111.51,123.62 3 1
github.com/tzone85/project-x/internal/git/scan.go:123.62,125.3 1 1
github.com/tzone85/project-x/internal/git/scan.go:127.2,127.15 1 1
github.com/tzone85/project-x/internal/git/scan.go:130.59,132.24 1 14
github.com/tzone85/project-x/internal/git/scan.go:132.24,134.3 1 1
github.com/tzone85/project-x/internal/git/scan.go:136.2,136.9 1 13
github.com/tzone85/project-x/internal/git/scan.go:137.116,138.26 1 1
github.com/tzone85/project-x/internal/git/scan.go:139.39,140.27 1 1
github.com/tzone85/project-x/internal/git/scan.go:141.78,142.24 1 0
github.com/tzone85/project-x/internal/git/scan.go:143.43,144.26 1 0
github.com/tzone85/project-x/internal/git/scan.go:147.2,147.11 1 13
github.com/tzone85/project-x/internal/git/scan.go:150.48,151.9 1 6
github.com/tzone85/project-x/internal/git/scan.go:152.41,153.16 1 1
github.com/tzone85/project-x/internal/git/scan.go:154.36,155.16 1 1
github.com/tzone85/project-x/internal/git/scan.go:156.10,157.15 1 4
github.com/tzone85/project-x/internal/git/scan.go:166.66,168.16 2 6
github.com/tzone85/project-x/internal/git/scan.go:168.16,170.3 1 0
github.com/tzone85/project-x/internal/git/scan.go:172.2,173.51 2 6
github.com/tzone85/project-x/internal/git/scan.go:173.51,175.3 1 0
github.com/tzone85/project-x/internal/git/scan.go:177.2,177.47 1 6
github.com/tzone85/project-x/internal/git/scan.go:177.47,179.3 1 1
github.com/tzone85/project-x/internal/git/scan.go:181.2,181.47 1 6
github.com/tzone85/project-x/internal/git/scan.go:181.47,183.3 1 1
github.com/tzone85/project-x/internal/git/scan.go:185.2,185.11 1 6
github.com/tzone85/project-x/internal/git/scan.go:188.45,189.9 1 1
github.com/tzone85/project-x/internal/git/scan.go:190.40,191.16 1 1
github.com/tzone85/project-x/internal/git/scan.go:192.42,193.18 1 0
github.com/tzone85/project-x/internal/git/scan.go:194.41,195.17 1 0
github.com/tzone85/project-x/internal/git/scan.go:196.39,197.15 1 0
github.com/tzone85/project-x/internal/git/scan.go:198.10,199.16 1 0
github.com/tzone85/project-x/internal/git/scan.go:203.41,204.9 1 1
github.com/tzone85/project-x/internal/git/scan.go:205.42,206.18 1 1
github.com/tzone85/project-x/internal/git/scan.go:207.41,208.17 1 0
github.com/tzone85/project-x/internal/git/scan.go:209.10,210.16 1 0
github.com/tzone85/project-x/internal/git/scan.go:214.40,217.2 2 153
github.com/tzone85/project-x/internal/git/worktree.go:8.87,17.16 4 3
github.com/tzone85/project-x/internal/git/worktree.go:17.16,21.17 3 2
github.com/tzone85/project-x/internal/git/worktree.go:21.17,23.4 1 1
github.com/tzone85/project-x/internal/git/worktree.go:25.2,25.12 1 2
github.com/tzone85/project-x/internal/git/worktree.go:29.87,31.16 2 3
github.com/tzone85/project-x/internal/git/worktree.go:31.16,33.3 1 1
github.com/tzone85/project-x/internal/git/worktree.go:35.2,36.16 2 2
github.com/tzone85/project-x/internal/git/worktree.go:36.16,38.3 1 1
github.com/tzone85/project-x/internal/git/worktree.go:40.2,40.12 1 1
github.com/tzone85/project-x/internal/pipeline/autocommit.go:18.68,20.2 1 6
github.com/tzone85/project-x/internal/pipeline/autocommit.go:23.41,23.64 1 1
github.com/tzone85/project-x/internal/pipeline/autocommit.go:26.92,28.16 2 5
github.com/tzone85/project-x/internal/pipeline/autocommit.go:28.16,30.3 1 1
github.com/tzone85/project-x/internal/pipeline/autocommit.go:32.2,32.18 1 4
github.com/tzone85/project-x/internal/pipeline/autocommit.go:32.18,34.3 1 1
github.com/tzone85/project-x/internal/pipeline/autocommit.go:36.2,36.77 1 3
github.com/tzone85/project-x/internal/pipeline/autocommit.go:36.77,38.3 1 1
github.com/tzone85/project-x/internal/pipeline/autocommit.go:40.2,41.85 2 2
github.com/tzone85/project-x/internal/pipeline/autocommit.go:41.85,43.3 1 1
github.com/tzone85/project-x/internal/pipeline/autocommit.go:45.2,45.25 1 1
github.com/tzone85/project-x/internal/pipeline/cleanup.go:17.62,19.2 1 5
github.com/tzone85/project-x/internal/pipeline/cleanup.go:22.38,22.58 1 1
github.com/tzone85/project-x/internal/pipeline/cleanup.go:26.89,28.109 1 4
github.com/tzone85/project-x/internal/pipeline/cleanup.go:28.109,33.3 1 1
github.com/tzone85/project-x/internal/pipeline/cleanup.go:36.2,36.86 1 4
github.com/tzone85/project-x/internal/pipeline/cleanup.go:36.86,41.3 1 2
github.com/tzone85/project-x/internal/pipeline/cleanup.go:44.2,44.100 1 4
github.com/tzone85/project-x/internal/pipeline/cleanup.go:44.100,49.3 1 1
github.com/tzone85/project-x/internal/pipeline/cleanup.go:51.2,51.25 1 4
github.com/tzone85/project-x/internal/pipeline/diffcheck.go:19.66,21.2 1 7
github.com/tzone85/project-x/internal/pipeline/diffcheck.go:24.40,24.62 1 1
github.com/tzone85/project-x/internal/pipeline/diffcheck.go:27.91,29.22 2 6
github.com/tzone85/project-x/internal/pipeline/diffcheck.go:29.22,31.3 1 0
github.com/tzone85/project-x/internal/pipeline/diffcheck.go:33.2,34.16 2 6
github.com/tzone85/project-x/internal/pipeline/diffcheck.go:34.16,36.3 1 1
github.com/tzone85/project-x/internal/pipeline/diffcheck.go:38.2,39.16 2 5
github.com/tzone85/project-x/internal/pipeline/diffcheck.go:39.16,41.3 1 1
github.com/tzone85/project-x/internal/pipeline/diffcheck.go:43.2,44.21 2 4
github.com/tzone85/project-x/internal/pipeline/diffcheck.go:44.21,46.3 1 1
github.com/tzone85/project-x/internal/pipeline/diffcheck.go:48.2,48.29 1 3
github.com/tzone85/project-x/internal/pipeline/diffcheck.go:48.29,50.3 1 1
github.com/tzone85/project-x/internal/pipeline/diffcheck.go:52.2,52.25 1 2
github.com/tzone85/project-x/internal/pipeline/diffcheck.go:61.44,62.18 1 8
github.com/tzone85/project-x/internal/pipeline/diffcheck.go:62.18,64.3 1 1
github.com/tzone85/project-x/internal/pipeline/diffcheck.go:65.2,66.48 2 7
github.com/tzone85/project-x/internal/pipeline/diffcheck.go:66.48,68.20 2 9
github.com/tzone85/project-x/internal/pipeline/diffcheck.go:68.20,70.4 1 9
github.com/tzone85/project-x/internal/pipeline/diffcheck.go:72.2,72.14 1 7
github.com/tzone85/project-x/internal/pipeline/diffcheck.go:76.44,77.26 1 3
github.com/tzone85/project-x/internal/pipeline/diffcheck.go:77.26,78.23 1 4
github.com/tzone85/project-x/internal/pipeline/diffcheck.go:78.23,80.4 1 2
github.com/tzone85/project-x/internal/pipeline/diffcheck.go:82.2,82.13 1 1
github.com/tzone85/project-x/internal/pipeline/merge.go:20.74,22.2 1 7
github.com/tzone85/project-x/internal/pipeline/merge.go:25.36,25.54 1 1
github.com/tzone85/project-x/internal/pipeline/merge.go:28.87,30.22 2 6
github.com/tzone85/project-x/internal/pipeline/merge.go:30.22,32.3 1 0
github.com/tzone85/project-x/internal/pipeline/merge.go:35.2,35.99 1 6
github.com/tzone85/project-x/internal/pipeline/merge.go:35.99,37.3 1 1
github.com/tzone85/project-x/internal/pipeline/merge.go:40.2,50.16 4 5
github.com/tzone85/project-x/internal/pipeline/merge.go:50.16,52.3 1 1
github.com/tzone85/project-x/internal/pipeline/merge.go:54.2,54.18 1 4
github.com/tzone85/project-x/internal/pipeline/merge.go:54.18,56.3 1 2
github.com/tzone85/project-x/internal/pipeline/merge.go:59.2,60.16 2 2
github.com/tzone85/project-x/internal/pipeline/merge.go:60.16,62.3 1 0
github.com/tzone85/project-x/internal/pipeline/merge.go:64.2,67.16 1 2
github.com/tzone85/project-x/internal/pipeline/merge.go:67.16,69.3 1 1
github.com/tzone85/project-x/internal/pipeline/merge.go:71.2,71.25 1 1
github.com/tzone85/project-x/internal/pipeline/merge.go:76.47,79.20 3 2
github.com/tzone85/project-x/internal/pipeline/merge.go:79.20,81.3 1 0
github.com/tzone85/project-x/internal/pipeline/merge.go:83.2,85.16 3 2
github.com/tzone85/project-x/internal/pipeline/merge.go:85.16,87.3 1 0
github.com/tzone85/project-x/internal/pipeline/merge.go:89.2,89.17 1 2
github.com/tzone85/project-x/internal/pipeline/qa.go:24.52,26.2 1 8
github.com/tzone85/project-x/internal/pipeline/qa.go:29.33,29.48 1 1
github.com/tzone85/project-x/internal/pipeline/qa.go:32.84,34.16 2 7
github.com/tzone85/project-x/internal/pipeline/qa.go:34.16,36.3 1 1
github.com/tzone85/project-x/internal/pipeline/qa.go:38.2,39.24 2 6
github.com/tzone85/project-x/internal/pipeline/qa.go:39.24,41.3 1 1
github.com/tzone85/project-x/internal/pipeline/qa.go:43.2,43.31 1 5
github.com/tzone85/project-x/internal/pipeline/qa.go:43.31,44.81 1 7
github.com/tzone85/project-x/internal/pipeline/qa.go:44.81,46.4 1 2
github.com/tzone85/project-x/internal/pipeline/qa.go:49.2,49.25 1 3
github.com/tzone85/project-x/internal/pipeline/qa.go:53.52,56.26 3 6
github.com/tzone85/project-x/internal/pipeline/qa.go:56.26,58.3 1 13
github.com/tzone85/project-x/internal/pipeline/qa.go:60.2,60.9 1 6
github.com/tzone85/project-x/internal/pipeline/qa.go:61.25,65.4 1 3
github.com/tzone85/project-x/internal/pipeline/qa.go:66.31,69.4 1 1
github.com/tzone85/project-x/internal/pipeline/qa.go:70.62,73.4 1 1
github.com/tzone85/project-x/internal/pipeline/qa.go:74.10,75.13 1 1
github.com/tzone85/project-x/internal/pipeline/rebase.go:24.94,25.20 1 7
github.com/tzone85/project-x/internal/pipeline/rebase.go:25.20,27.3 1 1
github.com/tzone85/project-x/internal/pipeline/rebase.go:28.2,28.78 1 7
github.com/tzone85/project-x/internal/pipeline/rebase.go:32.37,32.56 1 1
github.com/tzone85/project-x/internal/pipeline/rebase.go:35.90,37.22 2 5
github.com/tzone85/project-x/internal/pipeline/rebase.go:37.22,39.3 1 0
github.com/tzone85/project-x/internal/pipeline/rebase.go:41.2,41.90 1 5
github.com/tzone85/project-x/internal/pipeline/rebase.go:41.90,43.3 1 1
github.com/tzone85/project-x/internal/pipeline/rebase.go:45.2,45.96 1 4
github.com/tzone85/project-x/internal/pipeline/rebase.go:45.96,47.3 1 1
github.com/tzone85/project-x/internal/pipeline/rebase.go:49.2,49.36 1 3
github.com/tzone85/project-x/internal/pipeline/rebase.go:52.99,53.48 1 3
github.com/tzone85/project-x/internal/pipeline/rebase.go:53.48,58.17 3 4
github.com/tzone85/project-x/internal/pipeline/rebase.go:58.17,60.32 2 1
github.com/tzone85/project-x/internal/pipeline/rebase.go:60.32,62.5 1 1
github.com/tzone85/project-x/internal/pipeline/rebase.go:63.4,63.82 1 0
github.com/tzone85/project-x/internal/pipeline/rebase.go:65.3,65.28 1 3
github.com/tzone85/project-x/internal/pipeline/rebase.go:65.28,67.4 1 1
github.com/tzone85/project-x/internal/pipeline/rebase.go:70.2,71.94 2 1
github.com/tzone85/project-x/internal/pipeline/rebase.go:74.98,76.16 2 4
github.com/tzone85/project-x/internal/pipeline/rebase.go:76.16,78.3 1 0
github.com/tzone85/project-x/internal/pipeline/rebase.go:80.2,80.49 1 4
github.com/tzone85/project-x/internal/pipeline/rebase.go:80.49,81.54 1 4
github.com/tzone85/project-x/internal/pipeline/rebase.go:81.54,83.4 1 1
github.com/tzone85/project-x/internal/pipeline/rebase.go:86.2,87.16 2 3
github.com/tzone85/project-x/internal/pipeline/rebase.go:87.16,89.3 1 2
github.com/tzone85/project-x/internal/pipeline/rebase.go:90.2,90.25 1 1
github.com/tzone85/project-x/internal/pipeline/rebase.go:93.92,95.16 2 4
github.com/tzone85/project-x/internal/pipeline/rebase.go:95.16,97.3 1 0
github.com/tzone85/project-x/internal/pipeline/rebase.go:99.2,100.16 2 4
github.com/tzone85/project-x/internal/pipeline/rebase.go:100.16,102.3 1 1
github.com/tzone85/project-x/internal/pipeline/rebase.go:103.2,105.70 2 3
github.com/tzone85/project-x/internal/pipeline/rebase.go:105.70,107.3 1 0
github.com/tzone85/project-x/internal/pipeline/rebase.go:109.2,109.77 1 3
github.com/tzone85/project-x/internal/pipeline/rebase.go:109.77,111.3 1 0
github.com/tzone85/project-x/internal/pipeline/rebase.go:112.2,112.12 1 3
github.com/tzone85/project-x/internal/pipeline/rebase.go:115.93,124.16 3 4
github.com/tzone85/project-x/internal/pipeline/rebase.go:124.16,126.3 1 1
[...]
github.com/tzone85/project-x/internal/state/projector.go:30.29,32.2 1 5
github.com/tzone85/project-x/internal/state/projector.go:36.37,39.14 3 54
github.com/tzone85/project-x/internal/state/projector.go:39.14,41.3 1 1
github.com/tzone85/project-x/internal/state/projector.go:42.2,42.13 1 53
github.com/tzone85/project-x/internal/state/projector.go:47.32,48.19 1 6
github.com/tzone85/project-x/internal/state/projector.go:48.19,54.3 5 5
github.com/tzone85/project-x/internal/state/projector.go:57.27,59.24 2 5
github.com/tzone85/project-x/internal/state/projector.go:59.24,60.46 1 53
github.com/tzone85/project-x/internal/state/projector.go:60.46,62.4 1 2
github.com/tzone85/project-x/internal/state/sqlite.go:23.55,25.16 2 16
github.com/tzone85/project-x/internal/state/sqlite.go:25.16,27.3 1 0
github.com/tzone85/project-x/internal/state/sqlite.go:29.2,29.62 1 16
github.com/tzone85/project-x/internal/state/sqlite.go:29.62,32.3 2 0
github.com/tzone85/project-x/internal/state/sqlite.go:33.2,33.63 1 16
github.com/tzone85/project-x/internal/state/sqlite.go:33.63,36.3 2 0
github.com/tzone85/project-x/internal/state/sqlite.go:38.2,38.45 1 16
github.com/tzone85/project-x/internal/state/sqlite.go:38.45,41.3 2 0
github.com/tzone85/project-x/internal/state/sqlite.go:43.2,43.34 1 16
github.com/tzone85/project-x/internal/state/sqlite.go:47.37,49.2 1 16
github.com/tzone85/project-x/internal/state/sqlite.go:52.36,54.2 1 0
github.com/tzone85/project-x/internal/state/sqlite.go:58.48,59.18 1 56
github.com/tzone85/project-x/internal/state/sqlite.go:60.25,61.36 1 16
github.com/tzone85/project-x/internal/state/sqlite.go:62.24,63.44 1 1
github.com/tzone85/project-x/internal/state/sqlite.go:64.23,65.43 1 1
github.com/tzone85/project-x/internal/state/sqlite.go:66.22,67.42 1 1
github.com/tzone85/project-x/internal/state/sqlite.go:68.23,69.43 1 1
github.com/tzone85/project-x/internal/state/sqlite.go:70.25,71.45 1 1
github.com/tzone85/project-x/internal/state/sqlite.go:72.25,73.36 1 17
github.com/tzone85/project-x/internal/state/sqlite.go:74.26,75.37 1 2
github.com/tzone85/project-x/internal/state/sqlite.go:76.25,77.57 1 1
github.com/tzone85/project-x/internal/state/sqlite.go:78.27,79.52 1 3
github.com/tzone85/project-x/internal/state/sqlite.go:80.30,81.48 1 2
github.com/tzone85/project-x/internal/state/sqlite.go:82.30,83.51 1 1
github.com/tzone85/project-x/internal/state/sqlite.go:84.26,85.58 1 1
github.com/tzone85/project-x/internal/state/sqlite.go:86.26,87.55 1 1
github.com/tzone85/project-x/internal/state/sqlite.go:88.27,89.38 1 1
github.com/tzone85/project-x/internal/state/sqlite.go:90.24,91.52 1 1
github.com/tzone85/project-x/internal/state/sqlite.go:92.25,93.36 1 2
github.com/tzone85/project-x/internal/state/sqlite.go:94.30,95.41 1 2
github.com/tzone85/project-x/internal/state/sqlite.go:96.10,97.13 1 1
github.com/tzone85/project-x/internal/state/sqlite.go:103.60,105.56 2 16
github.com/tzone85/project-x/internal/state/sqlite.go:105.56,107.3 1 0
github.com/tzone85/project-x/internal/state/sqlite.go:109.2,114.16 2 16
github.com/tzone85/project-x/internal/state/sqlite.go:114.16,116.3 1 0
github.com/tzone85/project-x/internal/state/sqlite.go:117.2,117.12 1 16
github.com/tzone85/project-x/internal/state/sqlite.go:120.71,122.56 2 5
github.com/tzone85/project-x/internal/state/sqlite.go:122.56,124.3 1 0
github.com/tzone85/project-x/internal/state/sqlite.go:126.2,130.16 2 5
github.com/tzone85/project-x/internal/state/sqlite.go:130.16,132.3 1 0
github.com/tzone85/project-x/internal/state/sqlite.go:133.2,133.12 1 5
github.com/tzone85/project-x/internal/state/sqlite.go:137.70,143.16 3 7
github.com/tzone85/project-x/internal/state/sqlite.go:143.16,145.3 1 0
github.com/tzone85/project-x/internal/state/sqlite.go:146.2,146.15 1 7
github.com/tzone85/project-x/internal/state/sqlite.go:150.81,154.27 3 2
github.com/tzone85/project-x/internal/state/sqlite.go:154.27,157.3 2 2
github.com/tzone85/project-x/internal/state/sqlite.go:158.2,158.28 1 2
github.com/tzone85/project-x/internal/state/sqlite.go:158.28,160.3 1 1
github.com/tzone85/project-x/internal/state/sqlite.go:162.2,163.22 2 2
github.com/tzone85/project-x/internal/state/sqlite.go:163.22,165.3 1 2
github.com/tzone85/project-x/internal/state/sqlite.go:166.2,168.22 2 2
github.com/tzone85/project-x/internal/state/sqlite.go:168.22,170.3 1 0
github.com/tzone85/project-x/internal/state/sqlite.go:171.2,171.23 1 2
github.com/tzone85/project-x/internal/state/sqlite.go:171.23,173.3 1 0
github.com/tzone85/project-x/internal/state/sqlite.go:175.2,176.16 2 2
github.com/tzone85/project-x/internal/state/sqlite.go:176.16,178.3 1 0
github.com/tzone85/project-x/internal/state/sqlite.go:179.2,182.18 3 2
github.com/tzone85/project-x/internal/state/sqlite.go:182.18,184.106 2 3
github.com/tzone85/project-x/internal/state/sqlite.go:184.106,186.4 1 0
github.com/tzone85/project-x/internal/state/sqlite.go:187.3,187.25 1 3
github.com/tzone85/project-x/internal/state/sqlite.go:189.2,189.35 1 2
github.com/tzone85/project-x/internal/state/sqlite.go:189.35,191.3 1 0
github.com/tzone85/project-x/internal/state/sqlite.go:193.2,193.18 1 2
github.com/tzone85/project-x/internal/state/sqlite.go:197.62,202.16 2 2
github.com/tzone85/project-x/internal/state/sqlite.go:202.16,204.3 1 0
github.com/tzone85/project-x/internal/state/sqlite.go:205.2,205.12 1 2
github.com/tzone85/project-x/internal/state/sqlite.go:210.60,212.56 2 17
github.com/tzone85/project-x/internal/state/sqlite.go:212.56,214.3 1 0
github.com/tzone85/project-x/internal/state/sqlite.go:216.2,217.16 2 17
github.com/tzone85/project-x/internal/state/sqlite.go:217.16,219.3 1 0
github.com/tzone85/project-x/internal/state/sqlite.go:221.2,221.25 1 17
github.com/tzone85/project-x/internal/state/sqlite.go:221.25,223.3 1 15
github.com/tzone85/project-x/internal/state/sqlite.go:225.2,232.16 2 17
github.com/tzone85/project-x/internal/state/sqlite.go:232.16,234.3 1 0
github.com/tzone85/project-x/internal/state/sqlite.go:237.2,237.36 1 17
github.com/tzone85/project-x/internal/state/sqlite.go:237.36,242.17 2 1
github.com/tzone85/project-x/internal/state/sqlite.go:242.17,244.4 1 0
github.com/tzone85/project-x/internal/state/sqlite.go:247.2,247.12 1 17
github.com/tzone85/project-x/internal/state/sqlite.go:250.61,252.56 2 2
github.com/tzone85/project-x/internal/state/sqlite.go:252.56,254.3 1 0
github.com/tzone85/project-x/internal/state/sqlite.go:256.2,261.16 2 2
github.com/tzone85/project-x/internal/state/sqlite.go:261.16,263.3 1 0
github.com/tzone85/project-x/internal/state/sqlite.go:264.2,264.12 1 2
github.com/tzone85/project-x/internal/state/sqlite.go:267.71,272.16 2 10
github.com/tzone85/project-x/internal/state/sqlite.go:272.16,274.3 1 0
github.com/tzone85/project-x/internal/state/sqlite.go:275.2,275.12 1 10
github.com/tzone85/project-x/internal/state/sqlite.go:278.62,280.56 2 1
github.com/tzone85/project-x/internal/state/sqlite.go:280.56,282.3 1 0
github.com/tzone85/project-x/internal/state/sqlite.go:284.2,289.16 2 1
github.com/tzone85/project-x/internal/state/sqlite.go:289.16,291.3 1 0
github.com/tzone85/project-x/internal/state/sqlite.go:292.2,292.12 1 1
github.com/tzone85/project-x/internal/state/sqlite.go:296.58,309.16 4 11
github.com/tzone85/project-x/internal/state/sqlite.go:309.16,311.3 1 0
github.com/tzone85/project-x/internal/state/sqlite.go:313.2,313.79 1 11
github.com/tzone85/project-x/internal/state/sqlite.go:313.79,315.3 1 0
github.com/tzone85/project-x/internal/state/sqlite.go:317.2,317.16 1 11
github.com/tzone85/project-x/internal/state/sqlite.go:321.72,325.25 3 7
github.com/tzone85/project-x/internal/state/sqlite.go:325.25,328.3 2 2
github.com/tzone85/project-x/internal/state/sqlite.go:329.2,329.24 1 7
github.com/tzone85/project-x/internal/state/sqlite.go:329.24,332.3 2 2
github.com/tzone85/project-x/internal/state/sqlite.go:334.2,337.22 2 7
github.com/tzone85/project-x/internal/state/sqlite.go:337.22,339.3 1 4
github.com/tzone85/project-x/internal/state/sqlite.go:340.2,342.22 2 7
github.com/tzone85/project-x/internal/state/sqlite.go:342.22,344.3 1 3
github.com/tzone85/project-x/internal/state/sqlite.go:345.2,345.23 1 7
github.com/tzone85/project-x/internal/state/sqlite.go:345.23,347.3 1 2
github.com/tzone85/project-x/internal/state/sqlite.go:349.2,350.16 2 7
github.com/tzone85/project-x/internal/state/sqlite.go:350.16,352.3 1 0
github.com/tzone85/project-x/internal/state/sqlite.go:353.2,356.18 3 7
github.com/tzone85/project-x/internal/state/sqlite.go:356.18,363.17 3 11
github.com/tzone85/project-x/internal/state/sqlite.go:363.17,365.4 1 0
github.com/tzone85/project-x/internal/state/sqlite.go:367.3,367.80 1 11
github.com/tzone85/project-x/internal/state/sqlite.go:367.80,369.4 1 0
github.com/tzone85/project-x/internal/state/sqlite.go:371.3,371.32 1 11
github.com/tzone85/project-x/internal/state/sqlite.go:373.2,373.35 1 7
github.com/tzone85/project-x/internal/state/sqlite.go:373.35,375.3 1 0
github.com/tzone85/project-x/internal/state/sqlite.go:377.2,377.21 1 7
github.com/tzone85/project-x/internal/state/sqlite.go:381.63,386.16 2 1
github.com/tzone85/project-x/internal/state/sqlite.go:386.16,388.3 1 0
github.com/tzone85/project-x/internal/state/sqlite.go:389.2,389.12 1 1
github.com/tzone85/project-x/internal/state/sqlite.go:393.71,401.16 2 1
github.com/tzone85/project-x/internal/state/sqlite.go:401.16,403.3 1 0
github.com/tzone85/project-x/internal/state/sqlite.go:404.2,407.18 3 1
github.com/tzone85/project-x/internal/state/sqlite.go:407.18,409.63 2 1
github.com/tzone85/project-x/internal/state/sqlite.go:409.63,411.4 1 0
github.com/tzone85/project-x/internal/state/sqlite.go:412.3,412.25 1 1
github.com/tzone85/project-x/internal/state/sqlite.go:414.2,414.35 1 1
github.com/tzone85/project-x/internal/state/sqlite.go:414.35,416.3 1 0
github.com/tzone85/project-x/internal/state/sqlite.go:418.2,418.18 1 1
github.com/tzone85/project-x/internal/state/sqlite.go:423.60,425.56 2 2
github.com/tzone85/project-x/internal/state/sqlite.go:425.56,427.3 1 0
github.com/tzone85/project-x/internal/state/sqlite.go:429.2,434.16 2 2
github.com/tzone85/project-x/internal/state/sqlite.go:434.16,436.3 1 0
github.com/tzone85/project-x/internal/state/sqlite.go:437.2,437.12 1 2
github.com/tzone85/project-x/internal/state/sqlite.go:441.71,445.25 3 3
github.com/tzone85/project-x/internal/state/sqlite.go:445.25,448.3 2 2
github.com/tzone85/project-x/internal/state/sqlite.go:450.2,451.22 2 3
github.com/tzone85/project-x/internal/state/sqlite.go:451.22,453.3 1 2
github.com/tzone85/project-x/internal/state/sqlite.go:454.2,457.16 3 3
github.com/tzone85/project-x/internal/state/sqlite.go:457.16,459.3 1 0
github.com/tzone85/project-x/internal/state/sqlite.go:460.2,463.18 3 3
github.com/tzone85/project-x/internal/state/sqlite.go:463.18,466.65 2 4
github.com/tzone85/project-x/internal/state/sqlite.go:466.65,468.4 1 0
github.com/tzone85/project-x/internal/state/sqlite.go:469.3,469.29 1 4
github.com/tzone85/project-x/internal/state/sqlite.go:471.2,471.35 1 3
github.com/tzone85/project-x/internal/state/sqlite.go:471.35,473.3 1 0
github.com/tzone85/project-x/internal/state/sqlite.go:475.2,475.20 1 3
github.com/tzone85/project-x/internal/state/sqlite.go:480.65,482.56 2 2
github.com/tzone85/project-x/internal/state/sqlite.go:482.56,484.3 1 0
github.com/tzone85/project-x/internal/state/sqlite.go:486.2,491.16 2 2
github.com/tzone85/project-x/internal/state/sqlite.go:491.16,493.3 1 0
github.com/tzone85/project-x/internal/state/sqlite.go:494.2,494.12 1 2
github.com/tzone85/project-x/internal/state/sqlite.go:498.63,503.16 2 1
github.com/tzone85/project-x/internal/state/sqlite.go:503.16,505.3 1 0
github.com/tzone85/project-x/internal/state/sqlite.go:506.2,509.18 3 1
github.com/tzone85/project-x/internal/state/sqlite.go:509.18,512.56 2 2
github.com/tzone85/project-x/internal/state/sqlite.go:512.56,514.4 1 0
github.com/tzone85/project-x/internal/state/sqlite.go:515.3,515.25 1 2
github.com/tzone85/project-x/internal/state/sqlite.go:517.2,517.35 1 1
github.com/tzone85/project-x/internal/state/sqlite.go:517.35,519.3 1 0
github.com/tzone85/project-x/internal/state/sqlite.go:521.2,521.18 1 1
github.com/tzone85/project-x/internal/tmux/health.go:35.86,37.34 1 9
github.com/tzone85/project-x/internal/tmux/health.go:37.34,39.3 1 1
github.com/tzone85/project-x/internal/tmux/health.go:42.2,44.16 2 8
github.com/tzone85/project-x/internal/tmux/health.go:44.16,46.3 1 1
github.com/tzone85/project-x/internal/tmux/health.go:48.2,51.21 3 7
github.com/tzone85/project-x/internal/tmux/health.go:51.21,53.3 1 7
github.com/tzone85/project-x/internal/tmux/health.go:55.2,55.40 1 7
github.com/tzone85/project-x/internal/tmux/health.go:55.40,57.3 1 1
github.com/tzone85/project-x/internal/tmux/health.go:60.2,61.16 2 6
github.com/tzone85/project-x/internal/tmux/health.go:61.16,63.3 1 1
github.com/tzone85/project-x/internal/tmux/health.go:65.2,66.48 2 5
github.com/tzone85/project-x/internal/tmux/health.go:66.48,68.3 1 1
github.com/tzone85/project-x/internal/tmux/health.go:70.2,70.70 1 4
github.com/tzone85/project-x/internal/tmux/health.go:74.34,76.2 1 9
github.com/tzone85/project-x/internal/tmux/session.go:11.47,14.2 2 2
github.com/tzone85/project-x/internal/tmux/session.go:18.83,19.33 1 3
github.com/tzone85/project-x/internal/tmux/session.go:19.33,21.3 1 1
github.com/tzone85/project-x/internal/tmux/session.go:23.2,24.19 2 3
github.com/tzone85/project-x/internal/tmux/session.go:24.19,26.3 1 1
github.com/tzone85/project-x/internal/tmux/session.go:28.2,29.12 2 3
github.com/tzone85/project-x/internal/tmux/session.go:33.63,36.2 2 3
github.com/tzone85/project-x/internal/tmux/session.go:39.64,42.2 2 14
github.com/tzone85/project-x/internal/tmux/session.go:47.63,49.16 2 4
github.com/tzone85/project-x/internal/tmux/session.go:49.16,52.44 2 3
github.com/tzone85/project-x/internal/tmux/session.go:52.44,54.4 1 2
github.com/tzone85/project-x/internal/tmux/session.go:55.3,55.18 1 1
github.com/tzone85/project-x/internal/tmux/session.go:58.2,59.19 2 1
github.com/tzone85/project-x/internal/tmux/session.go:59.19,61.3 1 0
github.com/tzone85/project-x/internal/tmux/session.go:63.2,64.52 2 1
github.com/tzone85/project-x/internal/tmux/session.go:64.52,65.17 1 3
github.com/tzone85/project-x/internal/tmux/session.go:65.17,67.4 1 3
github.com/tzone85/project-x/internal/tmux/session.go:69.2,69.22 1 1
github.com/tzone85/project-x/internal/tmux/session.go:73.66,76.2 2 2
github.com/tzone85/project-x/internal/tmux/session.go:79.83,82.2 2 9
github.com/tzone85/project-x/internal/web/embed.go:14.35,16.2 1 4
github.com/tzone85/project-x/internal/web/embed.go:19.46,21.16 2 4
github.com/tzone85/project-x/internal/web/embed.go:21.16,22.39 1 0
github.com/tzone85/project-x/internal/web/embed.go:24.2,24.12 1 4
github.com/tzone85/project-x/internal/web/handlers.go:25.77,27.16 2 3
github.com/tzone85/project-x/internal/web/handlers.go:27.16,30.3 2 0
github.com/tzone85/project-x/internal/web/handlers.go:31.2,31.33 1 3
github.com/tzone85/project-x/internal/web/handlers.go:36.72,46.16 4 4
github.com/tzone85/project-x/internal/web/handlers.go:46.16,49.3 2 0
github.com/tzone85/project-x/internal/web/handlers.go:50.2,50.36 1 4
github.com/tzone85/project-x/internal/web/handlers.go:54.71,60.16 3 3
github.com/tzone85/project-x/internal/web/handlers.go:60.16,63.3 2 0
github.com/tzone85/project-x/internal/web/handlers.go:64.2,64.35 1 3
github.com/tzone85/project-x/internal/web/handlers.go:69.71,80.16 4 3
github.com/tzone85/project-x/internal/web/handlers.go:80.16,83.3 2 0
github.com/tzone85/project-x/internal/web/handlers.go:84.2,84.35 1 3
github.com/tzone85/project-x/internal/web/handlers.go:96.68,104.16 5 3
github.com/tzone85/project-x/internal/web/handlers.go:104.16,107.3 2 0
github.com/tzone85/project-x/internal/web/handlers.go:108.2,111.43 2 3
github.com/tzone85/project-x/internal/web/handlers.go:111.43,113.17 2 1
github.com/tzone85/project-x/internal/web/handlers.go:113.17,116.4 2 0
github.com/tzone85/project-x/internal/web/handlers.go:117.3,117.24 1 1
github.com/tzone85/project-x/internal/web/handlers.go:121.2,121.49 1 3
github.com/tzone85/project-x/internal/web/handlers.go:121.49,123.17 2 0
github.com/tzone85/project-x/internal/web/handlers.go:123.17,126.4 2 0
github.com/tzone85/project-x/internal/web/handlers.go:127.3,127.28 1 0
github.com/tzone85/project-x/internal/web/handlers.go:130.2,130.20 1 3
github.com/tzone85/project-x/internal/web/handlers.go:140.70,145.2 1 3
github.com/tzone85/project-x/internal/web/handlers.go:148.46,150.53 2 20
github.com/tzone85/project-x/internal/web/handlers.go:150.53,152.3 1 0
github.com/tzone85/project-x/internal/web/handlers.go:156.50,157.13 1 11
github.com/tzone85/project-x/internal/web/handlers.go:157.13,159.3 1 8
github.com/tzone85/project-x/internal/web/handlers.go:160.2,161.16 2 3
github.com/tzone85/project-x/internal/web/handlers.go:161.16,163.3 1 0
github.com/tzone85/project-x/internal/web/handlers.go:164.2,164.10 1 3
github.com/tzone85/project-x/internal/web/handlers.go:169.36,170.14 1 15
github.com/tzone85/project-x/internal/web/handlers.go:170.14,172.3 1 6
github.com/tzone85/project-x/internal/web/handlers.go:173.2,173.10 1 9
github.com/tzone85/project-x/internal/web/handlers.go:177.63,183.16 3 3
github.com/tzone85/project-x/internal/web/handlers.go:183.16,185.3 1 0
github.com/tzone85/project-x/internal/web/handlers.go:186.2,186.19 1 3
github.com/tzone85/project-x/internal/web/handlers.go:190.64,196.16 3 1
github.com/tzone85/project-x/internal/web/handlers.go:196.16,198.3 1 0
github.com/tzone85/project-x/internal/web/handlers.go:199.2,199.19 1 1
github.com/tzone85/project-x/internal/web/handlers.go:203.68,209.16 3 0
github.com/tzone85/project-x/internal/web/handlers.go:209.16,211.3 1 0
github.com/tzone85/project-x/internal/web/handlers.go:212.2,212.19 1 0
github.com/tzone85/project-x/internal/web/server.go:33.42,34.20 1 4
github.com/tzone85/project-x/internal/web/server.go:34.20,36.3 1 1
github.com/tzone85/project-x/internal/web/server.go:37.2,37.19 1 4
github.com/tzone85/project-x/internal/web/server.go:37.19,39.3 1 1
github.com/tzone85/project-x/internal/web/server.go:41.2,76.56 14 4
github.com/tzone85/project-x/internal/web/server.go:76.56,80.3 1 1
github.com/tzone85/project-x/internal/web/server.go:82.2,82.10 1 4
github.com/tzone85/project-x/internal/web/server.go:86.51,90.12 3 1
github.com/tzone85/project-x/internal/web/server.go:90.12,95.3 4 1
github.com/tzone85/project-x/internal/web/server.go:97.2,98.16 2 1
github.com/tzone85/project-x/internal/web/server.go:98.16,100.3 1 0
github.com/tzone85/project-x/internal/web/server.go:102.2,102.60 1 1
github.com/tzone85/project-x/internal/web/server.go:102.60,104.3 1 0
github.com/tzone85/project-x/internal/web/server.go:105.2,105.12 1 1
github.com/tzone85/project-x/internal/web/server.go:109.52,111.2 1 1
github.com/tzone85/project-x/internal/web/sse.go:17.26,19.2 1 12
github.com/tzone85/project-x/internal/web/sse.go:23.68,25.9 2 9
github.com/tzone85/project-x/internal/web/sse.go:25.9,28.3 2 1
github.com/tzone85/project-x/internal/web/sse.go:30.2,39.15 8 8
github.com/tzone85/project-x/internal/web/sse.go:39.15,44.7 4 8
github.com/tzone85/project-x/internal/web/sse.go:44.7,45.11 1 8
github.com/tzone85/project-x/internal/web/sse.go:46.14,46.14 0 0
github.com/tzone85/project-x/internal/web/sse.go:47.12,48.11 1 8
github.com/tzone85/project-x/internal/web/sse.go:54.2,57.6 3 8
github.com/tzone85/project-x/internal/web/sse.go:57.6,58.10 1 59
github.com/tzone85/project-x/internal/web/sse.go:59.29,60.10 1 8
github.com/tzone85/project-x/internal/web/sse.go:61.24,62.11 1 51
github.com/tzone85/project-x/internal/web/sse.go:62.11,64.5 1 0
github.com/tzone85/project-x/internal/web/sse.go:65.4,66.19 2 51
github.com/tzone85/project-x/internal/web/sse.go:73.52,77.28 4 13
github.com/tzone85/project-x/internal/web/sse.go:77.28,78.10 1 51
github.com/tzone85/project-x/internal/web/sse.go:79.18,79.18 0 51
github.com/tzone85/project-x/internal/web/sse.go:80.11,80.11 0 0
github.com/tzone85/project-x/internal/web/sse.go:86.36,90.2 3 8
